#
# There is insufficient memory for the Java Runtime Environment to continue.
# Native memory allocation (mmap) failed to map 65536 bytes. Error detail: Failed to commit metaspace.
# Possible reasons:
#   The system is out of physical RAM or swap space
#   This process is running with CompressedOops enabled, and the Java Heap may be blocking the growth of the native heap
# Possible solutions:
#   Reduce memory load on the system
#   Increase physical memory or swap space
#   Check if swap backing store is full
#   Decrease Java heap size (-Xmx/-Xms)
#   Decrease number of Java threads
#   Decrease Java thread stack sizes (-Xss)
#   Set larger code cache with -XX:ReservedCodeCacheSize=
#   JVM is running with Unscaled Compressed Oops mode in which the Java heap is
#     placed in the first 4GB address space. The Java Heap base address is the
#     maximum limit for the native heap growth. Please use -XX:HeapBaseMinAddress
#     to set the Java Heap base and to place the Java Heap above 4GB virtual address.
# This output file may be truncated or incomplete.
#
#  Out of Memory Error (virtualSpaceNode.cpp:113), pid=7488, tid=768
#
# JRE version: Java(TM) SE Runtime Environment (23.0.1+11) (build 23.0.1+11-39)
# Java VM: Java HotSpot(TM) 64-Bit Server VM (23.0.1+11-39, mixed mode, sharing, tiered, compressed oops, compressed class ptrs, g1 gc, windows-amd64)
# No core dump will be written. Minidumps are not enabled by default on client versions of Windows
#

---------------  S U M M A R Y ------------

Command Line: -Dclassworlds.conf=C:\Program Files\apache-maven-3.9.6\bin\m2.conf -Dmaven.home=C:\Program Files\apache-maven-3.9.6 -Dlibrary.jansi.path=C:\Program Files\apache-maven-3.9.6\lib\jansi-native -Dmaven.multiModuleProjectDirectory=C:\Users\Kiet\Desktop\registration-login-springboot-security-thymeleaf org.codehaus.plexus.classworlds.launcher.Launcher clean install

Host: Intel(R) Core(TM) i5-1035G1 CPU @ 1.00GHz, 8 cores, 7G,  Windows 11 , 64 bit Build 22621 (10.0.22621.4391)
Time: Mon Dec  9 10:31:47 2024 SE Asia Standard Time elapsed time: 0.830974 seconds (0d 0h 0m 0s)

---------------  T H R E A D  ---------------

Current thread (0x000002a331250f10):  JavaThread "main"             [_thread_in_vm, id=768, stack(0x000000ecb6000000,0x000000ecb6100000) (1024K)]

Stack: [0x000000ecb6000000,0x000000ecb6100000]
Native frames: (J=compiled Java code, j=interpreted, Vv=VM code, C=native code)
V  [jvm.dll+0x6e08b9]  (no source info available)
V  [jvm.dll+0x87dc83]  (no source info available)
V  [jvm.dll+0x88010e]  (no source info available)
V  [jvm.dll+0x8807e3]  (no source info available)
V  [jvm.dll+0x27aee6]  (no source info available)
V  [jvm.dll+0x87988e]  (no source info available)
V  [jvm.dll+0x682035]  (no source info available)
V  [jvm.dll+0x1e09dc]  (no source info available)
V  [jvm.dll+0x1e07ae]  (no source info available)
V  [jvm.dll+0x684988]  (no source info available)
V  [jvm.dll+0x2219dc]  (no source info available)
V  [jvm.dll+0x682a4e]  (no source info available)
V  [jvm.dll+0x3bbfff]  (no source info available)
V  [jvm.dll+0x209ffb]  (no source info available)
V  [jvm.dll+0x5be709]  (no source info available)
V  [jvm.dll+0x7f3ad6]  (no source info available)
V  [jvm.dll+0x475cf6]  (no source info available)
V  [jvm.dll+0x47bb98]  (no source info available)
C  [java.dll+0x17d4]  (no source info available)

Java frames: (J=compiled Java code, j=interpreted, Vv=VM code)
J 513  java.lang.ClassLoader.defineClass1(Ljava/lang/ClassLoader;Ljava/lang/String;[BIILjava/security/ProtectionDomain;Ljava/lang/String;)Ljava/lang/Class; java.base@23.0.1 (0 bytes) @ 0x000002a343797261 [0x000002a3437971a0+0x00000000000000c1]
j  java.lang.ClassLoader.defineClass(Ljava/lang/String;[BIILjava/security/ProtectionDomain;)Ljava/lang/Class;+27 java.base@23.0.1
j  java.security.SecureClassLoader.defineClass(Ljava/lang/String;[BIILjava/security/CodeSource;)Ljava/lang/Class;+12 java.base@23.0.1
j  java.net.URLClassLoader.defineClass(Ljava/lang/String;Ljdk/internal/loader/Resource;)Ljava/lang/Class;+220 java.base@23.0.1
j  java.net.URLClassLoader$1.run()Ljava/lang/Class;+43 java.base@23.0.1
j  java.net.URLClassLoader$1.run()Ljava/lang/Object;+1 java.base@23.0.1
J 562 c1 java.security.AccessController.executePrivileged(Ljava/security/PrivilegedExceptionAction;Ljava/security/AccessControlContext;Ljava/lang/Class;)Ljava/lang/Object; java.base@23.0.1 (69 bytes) @ 0x000002a33bd540c4 [0x000002a33bd53f60+0x0000000000000164]
j  java.security.AccessController.doPrivileged(Ljava/security/PrivilegedExceptionAction;Ljava/security/AccessControlContext;)Ljava/lang/Object;+13 java.base@23.0.1
j  java.net.URLClassLoader.findClass(Ljava/lang/String;)Ljava/lang/Class;+13 java.base@23.0.1
j  org.codehaus.plexus.classworlds.realm.ClassRealm.findClassInternal(Ljava/lang/String;)Ljava/lang/Class;+2
j  org.codehaus.plexus.classworlds.realm.ClassRealm.loadClassFromSelf(Ljava/lang/String;)Ljava/lang/Class;+20
j  org.codehaus.plexus.classworlds.strategy.SelfFirstStrategy.loadClass(Ljava/lang/String;)Ljava/lang/Class;+18
J 564 c1 org.codehaus.plexus.classworlds.realm.ClassRealm.loadClass(Ljava/lang/String;Z)Ljava/lang/Class; (33 bytes) @ 0x000002a33bd54964 [0x000002a33bd547e0+0x0000000000000184]
J 563 c1 org.codehaus.plexus.classworlds.realm.ClassRealm.loadClass(Ljava/lang/String;)Ljava/lang/Class; (7 bytes) @ 0x000002a33bd54524 [0x000002a33bd54420+0x0000000000000104]
v  ~StubRoutines::call_stub 0x000002a3431e0fcd
j  org.eclipse.sisu.inject.DefaultBeanLocator.<init>()V+5
j  org.codehaus.plexus.DefaultPlexusContainer.<init>(Lorg/codehaus/plexus/ContainerConfiguration;[Lcom/google/inject/Module;)V+54
j  org.apache.maven.cli.MavenCli.container(Lorg/apache/maven/cli/CliRequest;)Lorg/codehaus/plexus/PlexusContainer;+279
j  org.apache.maven.cli.MavenCli.doMain(Lorg/apache/maven/cli/CliRequest;)I+34
j  org.apache.maven.cli.MavenCli.main([Ljava/lang/String;Lorg/codehaus/plexus/classworlds/ClassWorld;)I+24
j  java.lang.invoke.DirectMethodHandle$Holder.invokeStatic(Ljava/lang/Object;Ljava/lang/Object;Ljava/lang/Object;)I+11 java.base@23.0.1
j  java.lang.invoke.LambdaForm$MH+0x000002a352009400.invoke(Ljava/lang/Object;Ljava/lang/Object;Ljava/lang/Object;Ljava/lang/Object;)Ljava/lang/Object;+54 java.base@23.0.1
j  java.lang.invoke.LambdaForm$MH+0x000002a352009800.invokeExact_MT(Ljava/lang/Object;Ljava/lang/Object;Ljava/lang/Object;Ljava/lang/Object;Ljava/lang/Object;)Ljava/lang/Object;+22 java.base@23.0.1
j  jdk.internal.reflect.DirectMethodHandleAccessor.invokeImpl(Ljava/lang/Object;[Ljava/lang/Object;)Ljava/lang/Object;+72 java.base@23.0.1
j  jdk.internal.reflect.DirectMethodHandleAccessor.invoke(Ljava/lang/Object;[Ljava/lang/Object;)Ljava/lang/Object;+23 java.base@23.0.1
j  java.lang.reflect.Method.invoke(Ljava/lang/Object;[Ljava/lang/Object;)Ljava/lang/Object;+102 java.base@23.0.1
j  org.codehaus.plexus.classworlds.launcher.Launcher.launchEnhanced([Ljava/lang/String;)V+45
j  org.codehaus.plexus.classworlds.launcher.Launcher.launch([Ljava/lang/String;)V+2
j  org.codehaus.plexus.classworlds.launcher.Launcher.mainWithExitCode([Ljava/lang/String;)I+108
j  org.codehaus.plexus.classworlds.launcher.Launcher.main([Ljava/lang/String;)V+1
v  ~StubRoutines::call_stub 0x000002a3431e0fcd
Lock stack of current Java thread (top to bottom):
LockStack[0]: java.lang.Object 
{0x000000008a8758d0} - klass: 'java/lang/Object'
 - ---- fields (total size 2 words):


Compiled method (n/a) 860  513     n 0       java.lang.ClassLoader::defineClass1 (native)
 total in heap  [0x000002a343797088,0x000002a343797740] = 1720
 relocation     [0x000002a343797160,0x000002a3437971a0] = 64
 main code      [0x000002a3437971a0,0x000002a34379773f] = 1439
 stub code      [0x000002a34379773f,0x000002a343797740] = 1

[Constant Pool (empty)]

[MachCode]
[Entry Point]
  # {method} {0x000002a351478b70} 'defineClass1' '(Ljava/lang/ClassLoader;Ljava/lang/String;[BIILjava/security/ProtectionDomain;Ljava/lang/String;)Ljava/lang/Class;' in 'java/lang/ClassLoader'
  # parm0:    rdx:rdx   = 'java/lang/ClassLoader'
  # parm1:    r8:r8     = 'java/lang/String'
  # parm2:    r9:r9     = '[B'
  # parm3:    rdi       = int
  # parm4:    rsi       = int
  # parm5:    rcx:rcx   = 'java/security/ProtectionDomain'
  # parm6:    [sp+0xa0]   = 'java/lang/String'  (sp of caller)
  0x000002a3437971a0: 6690 448b | 5208 443b 

  0x000002a3437971a8: ;   {runtime_call ic_miss_stub}
  0x000002a3437971a8: 5008 0f85 | 3075 a9ff 
[Verified Entry Point]
  0x000002a3437971b0: 8984 2400 | 80ff ff55 | 488b ec48 | 81ec 9000 | 0000 6690 | 4181 7f20 | 0100 0000 

  0x000002a3437971cc: ;   {runtime_call StubRoutines (final stubs)}
  0x000002a3437971cc: 7405 e88d | 31a8 ff48 | 837d 1000 | 488d 4510 | 480f 4445 | 1048 8944 | 2440 4889 | 4c24 7048 
  0x000002a3437971ec: 83f9 0048 | 8d44 2470 | 480f 4444 | 2470 4889 | 4424 3848 | 8974 2430 | 4889 7c24 | 284c 894c 
  0x000002a34379720c: 2458 4983 | f900 488d | 4424 5848 | 0f44 4424 | 5848 8944 | 2420 4c89 | 4424 5049 | 83f8 004c 
  0x000002a34379722c: 8d4c 2450 | 4c0f 444c | 2450 4889 | 5424 4848 | 83fa 004c | 8d44 2448 | 4c0f 4444 

  0x000002a343797248: ;   {oop(a 'java/lang/Class'{0x000000008af01478} = 'java/lang/ClassLoader')}
  0x000002a343797248: 2448 49be | 7814 f08a | 0000 0000 | 4c89 7424 | 784c 8d74 | 2478 498b | d6c5 f877 

  0x000002a343797264: ;   {internal_word}
  0x000002a343797264: 49ba 6172 | 7943 a302 | 0000 4d89 | 97a8 0300 | 0049 89a7 | a003 0000 

  0x000002a34379727c: ;   {external_word}
  0x000002a34379727c: 49ba 41ad | f3e9 f97f | 0000 4180 | 3a00 0f84 | 4e00 0000 | 5241 5041 

  0x000002a343797294: ;   {metadata({method} {0x000002a351478b70} 'defineClass1' '(Ljava/lang/ClassLoader;Ljava/lang/String;[BIILjava/security/ProtectionDomain;Ljava/lang/String;)Ljava/lang/Class;' in 'java/lang/ClassLoader')}
  0x000002a343797294: 5148 ba68 | 8b47 51a3 | 0200 0049 | 8bcf 4883 | ec20 40f6 | c40f 0f84 | 1900 0000 | 4883 ec08 
  0x000002a3437972b4: ;   {runtime_call}
  0x000002a3437972b4: 48b8 10ee | a3e9 f97f | 0000 ffd0 | 4883 c408 | e90c 0000 

  0x000002a3437972c8: ;   {runtime_call}
  0x000002a3437972c8: 0048 b810 | eea3 e9f9 | 7f00 00ff | d048 83c4 | 2041 5941 | 585a 498d | 8fc0 0300 | 0041 c787 
  0x000002a3437972e8: 4404 0000 | 0400 0000 

  0x000002a3437972f0: ;   {runtime_call}
  0x000002a3437972f0: 48b8 9416 | 5d2e fa7f | 0000 ffd0 | c5f8 7741 | c787 4404 | 0000 0500 | 0000 f083 | 4424 c000 
  0x000002a343797310: 493b af48 | 0400 000f | 870e 0000 | 0041 83bf | 4004 0000 | 000f 842b | 0000 00c5 | f877 4889 
  0x000002a343797330: 45f8 498b | cf4c 8be4 | 4883 ec20 | 4883 e4f0 

  0x000002a343797340: ;   {runtime_call}
  0x000002a343797340: 48b8 90a9 | 6de9 f97f | 0000 ffd0 | 498b e44d | 33e4 488b | 45f8 41c7 | 8744 0400 | 0008 0000 
  0x000002a343797360: 0041 83bf | c804 0000 | 020f 84a3 

  0x000002a34379736c: ;   {external_word}
  0x000002a34379736c: 0300 0049 | ba41 adf3 | e9f9 7f00 | 0041 803a | 000f 844c | 0000 0048 

  0x000002a343797384: ;   {metadata({method} {0x000002a351478b70} 'defineClass1' '(Ljava/lang/ClassLoader;Ljava/lang/String;[BIILjava/security/ProtectionDomain;Ljava/lang/String;)Ljava/lang/Class;' in 'java/lang/ClassLoader')}
  0x000002a343797384: 8945 f848 | ba68 8b47 | 51a3 0200 | 0049 8bcf | 4883 ec20 | 40f6 c40f | 0f84 1900 | 0000 4883 
  0x000002a3437973a4: ;   {runtime_call}
  0x000002a3437973a4: ec08 48b8 | 10ee a3e9 | f97f 0000 | ffd0 4883 | c408 e90c 

  0x000002a3437973b8: ;   {runtime_call}
  0x000002a3437973b8: 0000 0048 | b810 eea3 | e9f9 7f00 | 00ff d048 | 83c4 2048 | 8b45 f849 | c787 a003 | 0000 0000 
  0x000002a3437973d8: 0000 49c7 | 87a8 0300 | 0000 0000 | 00c5 f877 | 4885 c00f | 84fe 0200 | 00a8 030f | 8508 0000 
  0x000002a3437973f8: 0048 8b00 | e9ee 0200 | 00a8 010f | 8509 0000 | 0048 8b40 | fee9 dd02 | 0000 488b | 40ff 4180 
  0x000002a343797418: 7f38 000f | 84ce 0200 | 0048 83f8 | 000f 84c4 | 0200 0049 | 8b4f 2848 | 83f9 000f | 8414 0000 
  0x000002a343797438: 0048 83e9 | 0849 894f | 2849 034f | 3048 8901 | e9a2 0200 | 0048 81ec | 5001 0000 | 4889 0424 
  0x000002a343797458: 4889 4c24 | 0848 8954 | 2410 4889 | 7424 1848 | 897c 2420 | 4c89 4424 | 284c 894c | 2430 4c89 
  0x000002a343797478: 5424 384c | 895c 2440 | c5fb 1144 | 2450 c5fb | 114c 2458 | c5fb 1154 | 2460 c5fb | 115c 2468 
  0x000002a343797498: c5fb 1164 | 2470 c5fb | 116c 2478 | c5fb 11b4 | 2480 0000 | 00c5 fb11 | bc24 8800 | 0000 c57b 
  0x000002a3437974b8: ;   {no_reloc}
  0x000002a3437974b8: 1184 2490 | 0000 00c5 | 7b11 8c24 | 9800 0000 | c57b 1194 | 24a0 0000 | 00c5 7b11 | 9c24 a800 
  0x000002a3437974d8: 0000 c57b | 11a4 24b0 | 0000 00c5 | 7b11 ac24 | b800 0000 | c57b 11b4 | 24c0 0000 | 00c5 7b11 
  0x000002a3437974f8: bc24 c800 | 0000 62e1 | ff08 1144 | 241a 62e1 | ff08 114c | 241b 62e1 | ff08 1154 | 241c 62e1 
  0x000002a343797518: ff08 115c | 241d 62e1 | ff08 1164 | 241e 62e1 | ff08 116c | 241f 62e1 | ff08 1174 | 2420 62e1 
  0x000002a343797538: ff08 117c | 2421 6261 | ff08 1144 | 2422 6261 | ff08 114c | 2423 6261 | ff08 1154 | 2424 6261 
  0x000002a343797558: ff08 115c | 2425 6261 | ff08 1164 | 2426 6261 | ff08 116c | 2427 6261 | ff08 1174 | 2428 6261 
  0x000002a343797578: ff08 117c | 2429 498b | d748 8bc8 | 4883 ec20 | 40f6 c40f | 0f84 1900 | 0000 4883 

  0x000002a343797594: ;   {runtime_call}
  0x000002a343797594: ec08 48b8 | e007 61e9 | f97f 0000 | ffd0 4883 | c408 e90c 

  0x000002a3437975a8: ;   {runtime_call}
  0x000002a3437975a8: 0000 0048 | b8e0 0761 | e9f9 7f00 | 00ff d048 | 83c4 2062 | 61ff 0810 | 7c24 2962 | 61ff 0810 
  0x000002a3437975c8: 7424 2862 | 61ff 0810 | 6c24 2762 | 61ff 0810 | 6424 2662 | 61ff 0810 | 5c24 2562 | 61ff 0810 
  0x000002a3437975e8: 5424 2462 | 61ff 0810 | 4c24 2362 | 61ff 0810 | 4424 2262 | e1ff 0810 | 7c24 2162 | e1ff 0810 
  0x000002a343797608: 7424 2062 | e1ff 0810 | 6c24 1f62 | e1ff 0810 | 6424 1e62 | e1ff 0810 | 5c24 1d62 | e1ff 0810 
  0x000002a343797628: 5424 1c62 | e1ff 0810 | 4c24 1b62 | e1ff 0810 | 4424 1ac5 | 7b10 bc24 | c800 0000 | c57b 10b4 
  0x000002a343797648: 24c0 0000 | 00c5 7b10 | ac24 b800 | 0000 c57b | 10a4 24b0 | 0000 00c5 | 7b10 9c24 | a800 0000 
  0x000002a343797668: c57b 1094 | 24a0 0000 | 00c5 7b10 | 8c24 9800 | 0000 c57b | 1084 2490 | 0000 00c5 | fb10 bc24 
  0x000002a343797688: 8800 0000 | c5fb 10b4 | 2480 0000 | 00c5 fb10 | 6c24 78c5 | fb10 6424 | 70c5 fb10 | 5c24 68c5 
  0x000002a3437976a8: ;   {no_reloc}
  0x000002a3437976a8: fb10 5424 | 60c5 fb10 | 4c24 58c5 | fb10 4424 | 504c 8b5c | 2440 4c8b | 5424 384c | 8b4c 2430 
  0x000002a3437976c8: 4c8b 4424 | 2848 8b7c | 2420 488b | 7424 1848 | 8b54 2410 | 488b 4c24 | 0848 8b04 | 2448 81c4 
  0x000002a3437976e8: 5001 0000 | c5f8 7749 | 8b8f 3004 | 0000 c781 | 0001 0000 | 0000 0000 | c949 837f | 0800 0f85 
  0x000002a343797708: 0100 0000 

  0x000002a34379770c: ;   {runtime_call StubRoutines (initial stubs)}
  0x000002a34379770c: c3e9 ae97 | a4ff c5f8 | 7748 8945 | f84c 8be4 | 4883 ec20 | 4883 e4f0 

  0x000002a343797724: ;   {runtime_call}
  0x000002a343797724: 48b8 c022 | a4e9 f97f | 0000 ffd0 | 498b e44d | 33e4 488b | 45f8 e930 | fcff fff4 
[/MachCode]


Compiled method (c1) 875  562       3       java.security.AccessController::executePrivileged (69 bytes)
 total in heap  [0x000002a33bd53e08,0x000002a33bd54298] = 1168
 relocation     [0x000002a33bd53ee0,0x000002a33bd53f50] = 112
 main code      [0x000002a33bd53f60,0x000002a33bd54230] = 720
 stub code      [0x000002a33bd54230,0x000002a33bd54288] = 88
 metadata       [0x000002a33bd54288,0x000002a33bd54298] = 16
 immutable data [0x000002a3507eae70,0x000002a3507eafa0] = 304
 dependencies   [0x000002a3507eae70,0x000002a3507eae78] = 8
 nul chk table  [0x000002a3507eae78,0x000002a3507eae88] = 16
 scopes pcs     [0x000002a3507eae88,0x000002a3507eaf18] = 144
 scopes data    [0x000002a3507eaf18,0x000002a3507eafa0] = 136

[Constant Pool (empty)]

[MachCode]
[Verified Entry Point]
  # {method} {0x000002a35149b270} 'executePrivileged' '(Ljava/security/PrivilegedExceptionAction;Ljava/security/AccessControlContext;Ljava/lang/Class;)Ljava/lang/Object;' in 'java/security/AccessController'
  # parm0:    rdx:rdx   = 'java/security/PrivilegedExceptionAction'
  # parm1:    r8:r8     = 'java/security/AccessControlContext'
  # parm2:    r9:r9     = 'java/lang/Class'
  #           [sp+0x60]  (sp of caller)
  0x000002a33bd53f60: 8984 2400 | 80ff ff55 | 4883 ec50 | 4181 7f20 | 0100 0000 

  0x000002a33bd53f74: ;   {runtime_call StubRoutines (final stubs)}
  0x000002a33bd53f74: 7405 e8e5 | 634c 074c | 8944 2430 | 4c89 4c24 

  0x000002a33bd53f84: ;   {metadata(method data for {method} {0x000002a35149b270} 'executePrivileged' '(Ljava/security/PrivilegedExceptionAction;Ljava/security/AccessControlContext;Ljava/lang/Class;)Ljava/lang/Object;' in 'java/security/AccessController')}
  0x000002a33bd53f84: 2848 be80 | 4613 92a3 | 0200 008b | becc 0000 | 0083 c702 | 89be cc00 | 0000 81e7 | fe07 0000 
  0x000002a33bd53fa4: 85ff 0f84 | e201 0000 

  0x000002a33bd53fac: ;   {metadata(method data for {method} {0x000002a35149b270} 'executePrivileged' '(Ljava/security/PrivilegedExceptionAction;Ljava/security/AccessControlContext;Ljava/lang/Class;)Ljava/lang/Object;' in 'java/security/AccessController')}
  0x000002a33bd53fac: 4d85 c048 | be80 4613 | 92a3 0200 | 00bf 1801 | 0000 7405 | bf28 0100 | 0048 8b1c | 3e48 8d5b 
  0x000002a33bd53fcc: 0148 891c | 3e48 8954 | 2420 0f84 | 2800 0000 

  0x000002a33bd53fdc: ;   {metadata(method data for {method} {0x000002a35149b270} 'executePrivileged' '(Ljava/security/PrivilegedExceptionAction;Ljava/security/AccessControlContext;Ljava/lang/Class;)Ljava/lang/Object;' in 'java/security/AccessController')}
  0x000002a33bd53fdc: 48be 8046 | 1392 a302 | 0000 4883 | 8638 0100 | 0001 498b | d066 0f1f 

  0x000002a33bd53ff4: ;   {static_call}
  0x000002a33bd53ff4: 4400 00e8 

  0x000002a33bd53ff8: ; ImmutableOopMap {[32]=Oop [40]=Oop [48]=Oop }
                      ;*invokestatic ensureMaterializedForStackWalk {reexecute=0 rethrow=0 return_oop=0}
                      ; - java.security.AccessController::executePrivileged@5 (line 812)
  0x000002a33bd53ff8: b4da a207 

  0x000002a33bd53ffc: ;   {other}
  0x000002a33bd53ffc: 0f1f 8400 | f401 0000 

  0x000002a33bd54004: ;   {metadata(method data for {method} {0x000002a35149b270} 'executePrivileged' '(Ljava/security/PrivilegedExceptionAction;Ljava/security/AccessControlContext;Ljava/lang/Class;)Ljava/lang/Object;' in 'java/security/AccessController')}
  0x000002a33bd54004: 48ba 8046 | 1392 a302 | 0000 ff82 | 4801 0000 | 488b 5424 | 2048 3b02 

  0x000002a33bd5401c: ;   {metadata(method data for {method} {0x000002a35149b270} 'executePrivileged' '(Ljava/security/PrivilegedExceptionAction;Ljava/security/AccessControlContext;Ljava/lang/Class;)Ljava/lang/Object;' in 'java/security/AccessController')}
  0x000002a33bd5401c: 488b f248 | bf80 4613 | 92a3 0200 | 008b 7608 | 49ba 0000 | 0051 a302 | 0000 4903 | f248 3bb7 
  0x000002a33bd5403c: b001 0000 | 750d 4883 | 87b8 0100 | 0001 e960 | 0000 0048 | 3bb7 c001 | 0000 750d | 4883 87c8 
  0x000002a33bd5405c: 0100 0001 | e94a 0000 | 0048 83bf | b001 0000 | 0075 1748 | 89b7 b001 | 0000 48c7 | 87b8 0100 
  0x000002a33bd5407c: 0001 0000 | 00e9 2900 | 0000 4883 | bfc0 0100 | 0000 7517 | 4889 b7c0 | 0100 0048 | c787 c801 
  0x000002a33bd5409c: 0000 0100 | 0000 e908 | 0000 0048 | 8387 a801 | 0000 0166 | 0f1f 4400 | 0048 b8f0 | f77c 50a3 
  0x000002a33bd540bc: ;   {virtual_call}
  0x000002a33bd540bc: 0200 00e8 

  0x000002a33bd540c0: ; ImmutableOopMap {[40]=Oop [48]=Oop }
                      ;*invokeinterface run {reexecute=0 rethrow=0 return_oop=0}
                      ; - java.security.AccessController::executePrivileged@29 (line 816)
  0x000002a33bd540c0: cdfa 4d07 

  0x000002a33bd540c4: ;   {other}
  0x000002a33bd540c4: 0f1f 8400 | bc02 0001 

  0x000002a33bd540cc: ;   {metadata(method data for {method} {0x000002a35149b270} 'executePrivileged' '(Ljava/security/PrivilegedExceptionAction;Ljava/security/AccessControlContext;Ljava/lang/Class;)Ljava/lang/Object;' in 'java/security/AccessController')}
  0x000002a33bd540cc: 48ba 8046 | 1392 a302 | 0000 ff82 | d801 0000 

  0x000002a33bd540dc: ;   {metadata(method data for {method} {0x000002a35149b270} 'executePrivileged' '(Ljava/security/PrivilegedExceptionAction;Ljava/security/AccessControlContext;Ljava/lang/Class;)Ljava/lang/Object;' in 'java/security/AccessController')}
  0x000002a33bd540dc: 48ba 8046 | 1392 a302 | 0000 4883 | 8238 0200 | 0001 488b | d048 8944 

  0x000002a33bd540f4: ;   {static_call}
  0x000002a33bd540f4: 2438 90e8 

  0x000002a33bd540f8: ; ImmutableOopMap {[40]=Oop [48]=Oop [56]=Oop }
                      ;*invokestatic ensureMaterializedForStackWalk {reexecute=0 rethrow=0 return_oop=0}
                      ; - java.security.AccessController::executePrivileged@56 (line 824)
  0x000002a33bd540f8: b4d9 a207 

  0x000002a33bd540fc: ;   {other}
  0x000002a33bd540fc: 0f1f 8400 | f402 0002 

  0x000002a33bd54104: ;   {metadata(method data for {method} {0x000002a35149b270} 'executePrivileged' '(Ljava/security/PrivilegedExceptionAction;Ljava/security/AccessControlContext;Ljava/lang/Class;)Ljava/lang/Object;' in 'java/security/AccessController')}
  0x000002a33bd54104: 48b8 8046 | 1392 a302 | 0000 4883 | 8048 0200 

  0x000002a33bd54114: ;   {metadata(method data for {method} {0x000002a3511957a0} 'reachabilityFence' '(Ljava/lang/Object;)V' in 'java/lang/ref/Reference')}
  0x000002a33bd54114: 0001 48b8 | b8ab 0892 | a302 0000 | 8bb0 cc00 | 0000 83c6 | 0289 b0cc | 0000 0081 | e6fe ff1f 
  0x000002a33bd54134: 0085 f60f | 8477 0000 

  0x000002a33bd5413c: ;   {metadata(method data for {method} {0x000002a35149b270} 'executePrivileged' '(Ljava/security/PrivilegedExceptionAction;Ljava/security/AccessControlContext;Ljava/lang/Class;)Ljava/lang/Object;' in 'java/security/AccessController')}
  0x000002a33bd5413c: 0048 b880 | 4613 92a3 | 0200 0048 | 8380 5802 

  0x000002a33bd5414c: ;   {metadata(method data for {method} {0x000002a3511957a0} 'reachabilityFence' '(Ljava/lang/Object;)V' in 'java/lang/ref/Reference')}
  0x000002a33bd5414c: 0000 0148 | b8b8 ab08 | 92a3 0200 | 008b b0cc | 0000 0083 | c602 89b0 | cc00 0000 | 81e6 feff 
  0x000002a33bd5416c: 1f00 85f6 | 0f84 5f00 | 0000 488b | 4424 3848 | 83c4 505d 

  0x000002a33bd54180: ;   {poll_return}
  0x000002a33bd54180: 493b a748 | 0400 000f | 8766 0000 

  0x000002a33bd5418c: ;   {metadata({method} {0x000002a35149b270} 'executePrivileged' '(Ljava/security/PrivilegedExceptionAction;Ljava/security/AccessControlContext;Ljava/lang/Class;)Ljava/lang/Object;' in 'java/security/AccessController')}
  0x000002a33bd5418c: 00c3 49ba | 68b2 4951 | a302 0000 | 4c89 5424 | 0848 c704 | 24ff ffff 

  0x000002a33bd541a4: ;   {runtime_call counter_overflow Runtime1 stub}
  0x000002a33bd541a4: ffe8 b6f4 

  0x000002a33bd541a8: ; ImmutableOopMap {rdx=Oop r8=Oop r9=Oop [40]=Oop [48]=Oop }
                      ;*synchronization entry
                      ; - java.security.AccessController::executePrivileged@-1 (line 811)
  0x000002a33bd541a8: 5a07 e9fd 

  0x000002a33bd541ac: ;   {runtime_call throw_null_pointer_exception Runtime1 stub}
  0x000002a33bd541ac: fdff ffe8 

  0x000002a33bd541b0: ; ImmutableOopMap {rdx=Oop [40]=Oop [48]=Oop }
                      ;*invokeinterface run {reexecute=0 rethrow=0 return_oop=0}
                      ; - java.security.AccessController::executePrivileged@29 (line 816)
  0x000002a33bd541b0: 2c96 5a07 

  0x000002a33bd541b4: ;   {metadata({method} {0x000002a3511957a0} 'reachabilityFence' '(Ljava/lang/Object;)V' in 'java/lang/ref/Reference')}
  0x000002a33bd541b4: 49ba 9857 | 1951 a302 | 0000 4c89 | 5424 0848 | c704 24ff 

  0x000002a33bd541c8: ;   {runtime_call counter_overflow Runtime1 stub}
  0x000002a33bd541c8: ffff ffe8 

  0x000002a33bd541cc: ; ImmutableOopMap {[40]=Oop [56]=Oop }
                      ;*synchronization entry
                      ; - java.lang.ref.Reference::reachabilityFence@-1 (line 661)
                      ; - java.security.AccessController::executePrivileged@60 (line 828)
  0x000002a33bd541cc: 90f4 5a07 | e968 ffff 

  0x000002a33bd541d4: ;   {metadata({method} {0x000002a3511957a0} 'reachabilityFence' '(Ljava/lang/Object;)V' in 'java/lang/ref/Reference')}
  0x000002a33bd541d4: ff49 ba98 | 5719 51a3 | 0200 004c | 8954 2408 | 48c7 0424 | ffff ffff 

  0x000002a33bd541ec: ;   {runtime_call counter_overflow Runtime1 stub}
  0x000002a33bd541ec: e86f f45a 

  0x000002a33bd541f0: ; ImmutableOopMap {[56]=Oop }
                      ;*synchronization entry
                      ; - java.lang.ref.Reference::reachabilityFence@-1 (line 661)
                      ; - java.security.AccessController::executePrivileged@64 (line 829)
                      ;   {internal_word}
  0x000002a33bd541f0: 07eb 8349 | ba80 41d5 | 3ba3 0200 | 004d 8997 | 6004 0000 

  0x000002a33bd54204: ;   {runtime_call SafepointBlob}
  0x000002a33bd54204: e9d7 254e | 0749 8b87 | 0005 0000 | 49c7 8700 | 0500 0000 | 0000 0049 | c787 0805 | 0000 0000 
  0x000002a33bd54224: 0000 4883 

  0x000002a33bd54228: ;   {runtime_call unwind_exception Runtime1 stub}
  0x000002a33bd54228: c450 5de9 | b086 5a07 
[Stub Code]
  0x000002a33bd54230: ;   {no_reloc}
  0x000002a33bd54230: 0f1f 4400 

  0x000002a33bd54234: ;   {static_stub}
  0x000002a33bd54234: 0048 bb00 | 0000 0000 

  0x000002a33bd5423c: ;   {runtime_call nmethod}
  0x000002a33bd5423c: 0000 00e9 | fbff ffff 

  0x000002a33bd54244: ;   {static_stub}
  0x000002a33bd54244: 48bb 0000 | 0000 0000 

  0x000002a33bd5424c: ;   {runtime_call nmethod}
  0x000002a33bd5424c: 0000 e9fb 

  0x000002a33bd54250: ;   {runtime_call handle_exception_from_callee Runtime1 stub}
  0x000002a33bd54250: ffff ffe8 | 88b7 5a07 

  0x000002a33bd54258: ;   {external_word}
  0x000002a33bd54258: 48b9 40d5 | cbe9 f97f | 0000 4883 

  0x000002a33bd54264: ;   {runtime_call}
  0x000002a33bd54264: e4f0 48b8 | 704a 92e9 | f97f 0000 

  0x000002a33bd54270: ;   {section_word}
  0x000002a33bd54270: ffd0 f449 | ba73 42d5 | 3ba3 0200 

  0x000002a33bd5427c: ;   {runtime_call DeoptimizationBlob}
  0x000002a33bd5427c: 0041 52e9 | 7c39 4e07 | f4f4 f4f4 
[/MachCode]


Compiled method (c1) 885  564   !   3       org.codehaus.plexus.classworlds.realm.ClassRealm::loadClass (33 bytes)
 total in heap  [0x000002a33bd54688,0x000002a33bd54ac8] = 1088
 relocation     [0x000002a33bd54760,0x000002a33bd547c8] = 104
 main code      [0x000002a33bd547e0,0x000002a33bd54a30] = 592
 stub code      [0x000002a33bd54a30,0x000002a33bd54a88] = 88
 oops           [0x000002a33bd54a88,0x000002a33bd54a90] = 8
 metadata       [0x000002a33bd54a90,0x000002a33bd54ac8] = 56
 immutable data [0x000002a350751440,0x000002a350751550] = 272
 dependencies   [0x000002a350751440,0x000002a350751450] = 16
 nul chk table  [0x000002a350751450,0x000002a350751460] = 16
 handler table  [0x000002a350751460,0x000002a350751478] = 24
 scopes pcs     [0x000002a350751478,0x000002a3507514f8] = 128
 scopes data    [0x000002a3507514f8,0x000002a350751550] = 88

[Constant Pool (empty)]

[MachCode]
[Instructions begin]
  0x000002a33bd547e0: 6666 660f | 1f84 0000 | 0000 0066 | 6666 9066 | 6690 448b | 5208 443b 

  0x000002a33bd547f8: ;   {runtime_call ic_miss_stub}
  0x000002a33bd547f8: 5008 0f85 | e09e 4d07 
[Verified Entry Point]
  0x000002a33bd54800: 8984 2400 | 80ff ff55 | 4883 ec60 | 4181 7f20 | 0100 0000 

  0x000002a33bd54814: ;   {runtime_call StubRoutines (final stubs)}
  0x000002a33bd54814: 7405 e845 

  0x000002a33bd54818: ;   {metadata(method data for {method} {0x000002a3924043b0} 'loadClass' '(Ljava/lang/String;Z)Ljava/lang/Class;' in 'org/codehaus/plexus/classworlds/realm/ClassRealm')}
  0x000002a33bd54818: 5b4c 0748 | be78 4a41 | 92a3 0200 | 008b becc | 0000 0083 | c702 89be | cc00 0000 | 81e7 fe07 
  0x000002a33bd54838: 0000 85ff | 0f84 3d01 

  0x000002a33bd54840: ;   {metadata(method data for {method} {0x000002a3924043b0} 'loadClass' '(Ljava/lang/String;Z)Ljava/lang/Class;' in 'org/codehaus/plexus/classworlds/realm/ClassRealm')}
  0x000002a33bd54840: 0000 48be | 784a 4192 | a302 0000 | ff86 2801 | 0000 488b 

  0x000002a33bd54854: ;   {metadata(method data for {method} {0x000002a3924043b0} 'loadClass' '(Ljava/lang/String;Z)Ljava/lang/Class;' in 'org/codehaus/plexus/classworlds/realm/ClassRealm')}
  0x000002a33bd54854: f248 bf78 | 4a41 92a3 | 0200 0048 | 8387 3801 

  0x000002a33bd54864: ;   {metadata(method data for {method} {0x000002a3924044c0} 'unsynchronizedLoadClass' '(Ljava/lang/String;Z)Ljava/lang/Class;' in 'org/codehaus/plexus/classworlds/realm/ClassRealm')}
  0x000002a33bd54864: 0000 0148 | be20 4c41 | 92a3 0200 | 008b becc | 0000 0083 | c702 89be | cc00 0000 | 81e7 feff 
  0x000002a33bd54884: 1f00 85ff | 0f84 1201 | 0000 488b 

  0x000002a33bd54890: ;   {metadata(method data for {method} {0x000002a3924044c0} 'unsynchronizedLoadClass' '(Ljava/lang/String;Z)Ljava/lang/Class;' in 'org/codehaus/plexus/classworlds/realm/ClassRealm')}
  0x000002a33bd54890: f248 bf20 | 4c41 92a3 | 0200 0048 | 8387 1801 | 0000 0149 | 8bf0 4c8b | c648 8bfa | 488b d748 
  0x000002a33bd548b0: 8974 2448 | 4889 7c24 | 4066 0f1f 

  0x000002a33bd548bc: ;   {optimized virtual_call}
  0x000002a33bd548bc: 4400 00e8 

  0x000002a33bd548c0: ; ImmutableOopMap {[64]=Oop [72]=Oop }
                      ;*invokespecial loadClass {reexecute=0 rethrow=0 return_oop=0}
                      ; - org.codehaus.plexus.classworlds.realm.ClassRealm::unsynchronizedLoadClass@3 (line 266)
                      ; - org.codehaus.plexus.classworlds.realm.ClassRealm::loadClass@9 (line 247)
  0x000002a33bd548c0: 7101 0000 

  0x000002a33bd548c4: ;   {other}
  0x000002a33bd548c4: 0f1f 8400 | 3c02 0000 | 4883 c460 

  0x000002a33bd548d0: ;   {poll_return}
  0x000002a33bd548d0: 5d49 3ba7 | 4804 0000 | 0f87 e300 | 0000 c349 | 8b87 0005 | 0000 4d33 | d24d 8997 | 0005 0000 
  0x000002a33bd548f0: 4d33 d24d | 8997 0805 | 0000 8b52 | 7048 85d2 | 0f84 2900 

  0x000002a33bd54904: ;   {metadata('org/codehaus/plexus/classworlds/strategy/SelfFirstStrategy')}
  0x000002a33bd54904: 0000 48b8 | c02c 0052 | a302 0000 | 8b5a 0849 | ba00 0000 | 51a3 0200 | 0049 03da | 483b 4340 
  0x000002a33bd54924: 0f85 ad00 | 0000 e900 | 0000 0048 | 8bf2 483b | 0248 8bf2 

  0x000002a33bd54938: ;   {metadata(method data for {method} {0x000002a3924044c0} 'unsynchronizedLoadClass' '(Ljava/lang/String;Z)Ljava/lang/Class;' in 'org/codehaus/plexus/classworlds/realm/ClassRealm')}
  0x000002a33bd54938: 48bf 204c | 4192 a302 

  0x000002a33bd54940: ;   {metadata('org/codehaus/plexus/classworlds/strategy/SelfFirstStrategy')}
  0x000002a33bd54940: 0000 49ba | c02c 0052 | a302 0000 | 4c89 9730 | 0100 0048 | 8387 3801 | 0000 010f 

  0x000002a33bd5495c: ;   {optimized virtual_call}
  0x000002a33bd5495c: 1f40 00e8 

  0x000002a33bd54960: ; ImmutableOopMap {}
                      ;*invokeinterface loadClass {reexecute=0 rethrow=0 return_oop=0}
                      ; - org.codehaus.plexus.classworlds.realm.ClassRealm::unsynchronizedLoadClass@13 (line 271)
                      ; - org.codehaus.plexus.classworlds.realm.ClassRealm::loadClass@9 (line 247)
  0x000002a33bd54960: e100 0000 

  0x000002a33bd54964: ;   {other}
  0x000002a33bd54964: 0f1f 8400 | dc02 0001 | 4883 c460 

  0x000002a33bd54970: ;   {poll_return}
  0x000002a33bd54970: 5d49 3ba7 | 4804 0000 | 0f87 6300 

  0x000002a33bd5497c: ;   {metadata({method} {0x000002a3924043b0} 'loadClass' '(Ljava/lang/String;Z)Ljava/lang/Class;' in 'org/codehaus/plexus/classworlds/realm/ClassRealm')}
  0x000002a33bd5497c: 0000 c349 | baa8 4340 | 92a3 0200 | 004c 8954 | 2408 48c7 | 0424 ffff 

  0x000002a33bd54994: ;   {runtime_call counter_overflow Runtime1 stub}
  0x000002a33bd54994: ffff e8c5 

  0x000002a33bd54998: ; ImmutableOopMap {rdx=Oop r8=Oop }
                      ;*synchronization entry
                      ; - org.codehaus.plexus.classworlds.realm.ClassRealm::loadClass@-1 (line 245)
  0x000002a33bd54998: ec5a 07e9 | a2fe ffff 

  0x000002a33bd549a0: ;   {metadata({method} {0x000002a3924044c0} 'unsynchronizedLoadClass' '(Ljava/lang/String;Z)Ljava/lang/Class;' in 'org/codehaus/plexus/classworlds/realm/ClassRealm')}
  0x000002a33bd549a0: 49ba b844 | 4092 a302 | 0000 4c89 | 5424 0848 | c704 24ff 

  0x000002a33bd549b4: ;   {runtime_call counter_overflow Runtime1 stub}
  0x000002a33bd549b4: ffff ffe8 

  0x000002a33bd549b8: ; ImmutableOopMap {rdx=Oop r8=Oop }
                      ;*synchronization entry
                      ; - org.codehaus.plexus.classworlds.realm.ClassRealm::unsynchronizedLoadClass@-1 (line 266)
                      ; - org.codehaus.plexus.classworlds.realm.ClassRealm::loadClass@9 (line 247)
  0x000002a33bd549b8: a4ec 5a07 | e9cd feff 

  0x000002a33bd549c0: ;   {internal_word}
  0x000002a33bd549c0: ff49 bad1 | 48d5 3ba3 | 0200 004d | 8997 6004 

  0x000002a33bd549d0: ;   {runtime_call SafepointBlob}
  0x000002a33bd549d0: 0000 e909 

  0x000002a33bd549d4: ;   {runtime_call throw_incompatible_class_change_error Runtime1 stub}
  0x000002a33bd549d4: 1e4e 07e8 

  0x000002a33bd549d8: ; ImmutableOopMap {r8=Oop rdx=Oop }
                      ;*invokeinterface loadClass {reexecute=0 rethrow=0 return_oop=0}
                      ; - org.codehaus.plexus.classworlds.realm.ClassRealm::unsynchronizedLoadClass@13 (line 271)
                      ; - org.codehaus.plexus.classworlds.realm.ClassRealm::loadClass@9 (line 247)
  0x000002a33bd549d8: 04b9 5a07 

  0x000002a33bd549dc: ;   {runtime_call throw_null_pointer_exception Runtime1 stub}
  0x000002a33bd549dc: e8ff 8d5a 

  0x000002a33bd549e0: ; ImmutableOopMap {r8=Oop rdx=Oop }
                      ;*invokeinterface loadClass {reexecute=0 rethrow=0 return_oop=0}
                      ; - org.codehaus.plexus.classworlds.realm.ClassRealm::unsynchronizedLoadClass@13 (line 271)
                      ; - org.codehaus.plexus.classworlds.realm.ClassRealm::loadClass@9 (line 247)
                      ;   {internal_word}
  0x000002a33bd549e0: 0749 ba71 | 49d5 3ba3 | 0200 004d | 8997 6004 

  0x000002a33bd549f0: ;   {runtime_call SafepointBlob}
  0x000002a33bd549f0: 0000 e9e9 | 1d4e 074c | 8b44 2448 | 488b 5424 | 40e9 d9fe | ffff 498b | 8700 0500 | 0049 c787 
  0x000002a33bd54a10: 0005 0000 | 0000 0000 | 49c7 8708 | 0500 0000 | 0000 0048 | 83c4 605d 

  0x000002a33bd54a28: ;   {runtime_call unwind_exception Runtime1 stub}
  0x000002a33bd54a28: e9b3 7e5a | 07f4 f4f4 
[Stub Code]
  0x000002a33bd54a30: ;   {no_reloc}
  0x000002a33bd54a30: 0f1f 4400 

  0x000002a33bd54a34: ;   {static_stub}
  0x000002a33bd54a34: 0048 bbc8 | 6c17 51a3 

  0x000002a33bd54a3c: ;   {runtime_call I2C/C2I adapters}
  0x000002a33bd54a3c: 0200 00e9 | 7666 4d07 

  0x000002a33bd54a44: ;   {static_stub}
  0x000002a33bd54a44: 9048 bb70 | e840 92a3 

  0x000002a33bd54a4c: ;   {runtime_call I2C/C2I adapters}
  0x000002a33bd54a4c: 0200 00e9 | e201 4e07 
[Exception Handler]
  0x000002a33bd54a54: ;   {runtime_call handle_exception_from_callee Runtime1 stub}
  0x000002a33bd54a54: e887 af5a 

  0x000002a33bd54a58: ;   {external_word}
  0x000002a33bd54a58: 0748 b940 | d5cb e9f9 | 7f00 0048 

  0x000002a33bd54a64: ;   {runtime_call}
  0x000002a33bd54a64: 83e4 f048 | b870 4a92 | e9f9 7f00 | 00ff d0f4 
[Deopt Handler Code]
  0x000002a33bd54a74: ;   {section_word}
  0x000002a33bd54a74: 49ba 744a | d53b a302 | 0000 4152 

  0x000002a33bd54a80: ;   {runtime_call DeoptimizationBlob}
  0x000002a33bd54a80: e97b 314e | 07f4 f4f4 
[/MachCode]


---------------  P R O C E S S  ---------------

Threads class SMR info:
_java_thread_list=0x000002a35029b090, length=11, elements={
0x000002a331250f10, 0x000002a3501651c0, 0x000002a3501660e0, 0x000002a35016bf60,
0x000002a35016c9c0, 0x000002a35016d420, 0x000002a35016de80, 0x000002a3501713c0,
0x000002a3501782c0, 0x000002a3502c0870, 0x000002a3502c5700
}

Java Threads: ( => current thread )
=>0x000002a331250f10 JavaThread "main"                              [_thread_in_vm, id=768, stack(0x000000ecb6000000,0x000000ecb6100000) (1024K)]
  0x000002a3501651c0 JavaThread "Reference Handler"          daemon [_thread_blocked, id=19340, stack(0x000000ecb6800000,0x000000ecb6900000) (1024K)]
  0x000002a3501660e0 JavaThread "Finalizer"                  daemon [_thread_blocked, id=17764, stack(0x000000ecb6900000,0x000000ecb6a00000) (1024K)]
  0x000002a35016bf60 JavaThread "Signal Dispatcher"          daemon [_thread_blocked, id=12656, stack(0x000000ecb6a00000,0x000000ecb6b00000) (1024K)]
  0x000002a35016c9c0 JavaThread "Attach Listener"            daemon [_thread_blocked, id=15612, stack(0x000000ecb6b00000,0x000000ecb6c00000) (1024K)]
  0x000002a35016d420 JavaThread "Service Thread"             daemon [_thread_blocked, id=19432, stack(0x000000ecb6c00000,0x000000ecb6d00000) (1024K)]
  0x000002a35016de80 JavaThread "Monitor Deflation Thread"   daemon [_thread_blocked, id=13696, stack(0x000000ecb6d00000,0x000000ecb6e00000) (1024K)]
  0x000002a3501713c0 JavaThread "C2 CompilerThread0"         daemon [_thread_blocked, id=11556, stack(0x000000ecb6e00000,0x000000ecb6f00000) (1024K)]
  0x000002a3501782c0 JavaThread "C1 CompilerThread0"         daemon [_thread_blocked, id=11876, stack(0x000000ecb6f00000,0x000000ecb7000000) (1024K)]
  0x000002a3502c0870 JavaThread "Notification Thread"        daemon [_thread_blocked, id=2860, stack(0x000000ecb7000000,0x000000ecb7100000) (1024K)]
  0x000002a3502c5700 JavaThread "Common-Cleaner"             daemon [_thread_blocked, id=20144, stack(0x000000ecb7100000,0x000000ecb7200000) (1024K)]
Total: 11

Other Threads:
  0x000002a35014a620 VMThread "VM Thread"                           [id=14160, stack(0x000000ecb6700000,0x000000ecb6800000) (1024K)]
  0x000002a350138a10 WatcherThread "VM Periodic Task Thread"        [id=13584, stack(0x000000ecb6600000,0x000000ecb6700000) (1024K)]
  0x000002a3335d4800 WorkerThread "GC Thread#0"                     [id=3336, stack(0x000000ecb6100000,0x000000ecb6200000) (1024K)]
  0x000002a3335ea640 ConcurrentGCThread "G1 Main Marker"            [id=8604, stack(0x000000ecb6200000,0x000000ecb6300000) (1024K)]
  0x000002a3335eb8f0 WorkerThread "G1 Conc#0"                       [id=128, stack(0x000000ecb6300000,0x000000ecb6400000) (1024K)]
  0x000002a35000a690 ConcurrentGCThread "G1 Refine#0"               [id=13064, stack(0x000000ecb6400000,0x000000ecb6500000) (1024K)]
  0x000002a35000dee0 ConcurrentGCThread "G1 Service"                [id=11300, stack(0x000000ecb6500000,0x000000ecb6600000) (1024K)]
Total: 7

Threads with active compile tasks:
Total: 0

VM state: not at safepoint (normal execution)

VM Mutex/Monitor currently owned by a thread:  ([mutex/lock_event])
[0x00007ff9e9f61890] Metaspace_lock - owner thread: 0x000002a331250f10

Heap address: 0x0000000083200000, size: 1998 MB, Compressed Oops mode: 32-bit

CDS archive(s) mapped at: [0x000002a351000000-0x000002a351d70000-0x000002a351d70000), size 14090240, SharedBaseAddress: 0x000002a351000000, ArchiveRelocationMode: 1.
Compressed class space mapped at: 0x000002a352000000-0x000002a392000000, reserved size: 1073741824
Narrow klass base: 0x000002a351000000, Narrow klass shift: 0, Narrow klass range: 0x41000000

GC Precious Log:
 CardTable entry size: 512
 Card Set container configuration: InlinePtr #cards 5 size 8 Array Of Cards #cards 10 size 36 Howl #buckets 4 coarsen threshold 1843 Howl Bitmap #cards 512 size 80 coarsen threshold 460 Card regions per heap region 1 cards per card region 2048
 CPUs: 8 total, 8 available
 Memory: 7987M
 Large Page Support: Disabled
 NUMA Support: Disabled
 Compressed Oops: Enabled (32-bit)
 Heap Region Size: 1M
 Heap Min Capacity: 8M
 Heap Initial Capacity: 126M
 Heap Max Capacity: 1998M
 Pre-touch: Disabled
 Parallel Workers: 8
 Concurrent Workers: 2
 Concurrent Refinement Workers: 8
 Periodic GC: Disabled

Heap:
 garbage-first heap   total reserved 2045952K, committed 129024K, used 7168K [0x0000000083200000, 0x0000000100000000)
  region size 1024K, 8 young (8192K), 0 survivors (0K)
 Metaspace       used 2450K, committed 2560K, reserved 1114112K
  class space    used 231K, committed 256K, reserved 1048576K

Heap Regions: E=young(eden), S=young(survivor), O=old, HS=humongous(starts), HC=humongous(continues), CS=collection set, F=free, TAMS=top-at-mark-start, PB=parsable bottom
|   0|0x0000000083200000, 0x0000000083200000, 0x0000000083300000|  0%| F|  |TAMS 0x0000000083200000| PB 0x0000000083200000| Untracked |  0
|   1|0x0000000083300000, 0x0000000083300000, 0x0000000083400000|  0%| F|  |TAMS 0x0000000083300000| PB 0x0000000083300000| Untracked |  0
|   2|0x0000000083400000, 0x0000000083400000, 0x0000000083500000|  0%| F|  |TAMS 0x0000000083400000| PB 0x0000000083400000| Untracked |  0
|   3|0x0000000083500000, 0x0000000083500000, 0x0000000083600000|  0%| F|  |TAMS 0x0000000083500000| PB 0x0000000083500000| Untracked |  0
|   4|0x0000000083600000, 0x0000000083600000, 0x0000000083700000|  0%| F|  |TAMS 0x0000000083600000| PB 0x0000000083600000| Untracked |  0
|   5|0x0000000083700000, 0x0000000083700000, 0x0000000083800000|  0%| F|  |TAMS 0x0000000083700000| PB 0x0000000083700000| Untracked |  0
|   6|0x0000000083800000, 0x0000000083800000, 0x0000000083900000|  0%| F|  |TAMS 0x0000000083800000| PB 0x0000000083800000| Untracked |  0
|   7|0x0000000083900000, 0x0000000083900000, 0x0000000083a00000|  0%| F|  |TAMS 0x0000000083900000| PB 0x0000000083900000| Untracked |  0
|   8|0x0000000083a00000, 0x0000000083a00000, 0x0000000083b00000|  0%| F|  |TAMS 0x0000000083a00000| PB 0x0000000083a00000| Untracked |  0
|   9|0x0000000083b00000, 0x0000000083b00000, 0x0000000083c00000|  0%| F|  |TAMS 0x0000000083b00000| PB 0x0000000083b00000| Untracked |  0
|  10|0x0000000083c00000, 0x0000000083c00000, 0x0000000083d00000|  0%| F|  |TAMS 0x0000000083c00000| PB 0x0000000083c00000| Untracked |  0
|  11|0x0000000083d00000, 0x0000000083d00000, 0x0000000083e00000|  0%| F|  |TAMS 0x0000000083d00000| PB 0x0000000083d00000| Untracked |  0
|  12|0x0000000083e00000, 0x0000000083e00000, 0x0000000083f00000|  0%| F|  |TAMS 0x0000000083e00000| PB 0x0000000083e00000| Untracked |  0
|  13|0x0000000083f00000, 0x0000000083f00000, 0x0000000084000000|  0%| F|  |TAMS 0x0000000083f00000| PB 0x0000000083f00000| Untracked |  0
|  14|0x0000000084000000, 0x0000000084000000, 0x0000000084100000|  0%| F|  |TAMS 0x0000000084000000| PB 0x0000000084000000| Untracked |  0
|  15|0x0000000084100000, 0x0000000084100000, 0x0000000084200000|  0%| F|  |TAMS 0x0000000084100000| PB 0x0000000084100000| Untracked |  0
|  16|0x0000000084200000, 0x0000000084200000, 0x0000000084300000|  0%| F|  |TAMS 0x0000000084200000| PB 0x0000000084200000| Untracked |  0
|  17|0x0000000084300000, 0x0000000084300000, 0x0000000084400000|  0%| F|  |TAMS 0x0000000084300000| PB 0x0000000084300000| Untracked |  0
|  18|0x0000000084400000, 0x0000000084400000, 0x0000000084500000|  0%| F|  |TAMS 0x0000000084400000| PB 0x0000000084400000| Untracked |  0
|  19|0x0000000084500000, 0x0000000084500000, 0x0000000084600000|  0%| F|  |TAMS 0x0000000084500000| PB 0x0000000084500000| Untracked |  0
|  20|0x0000000084600000, 0x0000000084600000, 0x0000000084700000|  0%| F|  |TAMS 0x0000000084600000| PB 0x0000000084600000| Untracked |  0
|  21|0x0000000084700000, 0x0000000084700000, 0x0000000084800000|  0%| F|  |TAMS 0x0000000084700000| PB 0x0000000084700000| Untracked |  0
|  22|0x0000000084800000, 0x0000000084800000, 0x0000000084900000|  0%| F|  |TAMS 0x0000000084800000| PB 0x0000000084800000| Untracked |  0
|  23|0x0000000084900000, 0x0000000084900000, 0x0000000084a00000|  0%| F|  |TAMS 0x0000000084900000| PB 0x0000000084900000| Untracked |  0
|  24|0x0000000084a00000, 0x0000000084a00000, 0x0000000084b00000|  0%| F|  |TAMS 0x0000000084a00000| PB 0x0000000084a00000| Untracked |  0
|  25|0x0000000084b00000, 0x0000000084b00000, 0x0000000084c00000|  0%| F|  |TAMS 0x0000000084b00000| PB 0x0000000084b00000| Untracked |  0
|  26|0x0000000084c00000, 0x0000000084c00000, 0x0000000084d00000|  0%| F|  |TAMS 0x0000000084c00000| PB 0x0000000084c00000| Untracked |  0
|  27|0x0000000084d00000, 0x0000000084d00000, 0x0000000084e00000|  0%| F|  |TAMS 0x0000000084d00000| PB 0x0000000084d00000| Untracked |  0
|  28|0x0000000084e00000, 0x0000000084e00000, 0x0000000084f00000|  0%| F|  |TAMS 0x0000000084e00000| PB 0x0000000084e00000| Untracked |  0
|  29|0x0000000084f00000, 0x0000000084f00000, 0x0000000085000000|  0%| F|  |TAMS 0x0000000084f00000| PB 0x0000000084f00000| Untracked |  0
|  30|0x0000000085000000, 0x0000000085000000, 0x0000000085100000|  0%| F|  |TAMS 0x0000000085000000| PB 0x0000000085000000| Untracked |  0
|  31|0x0000000085100000, 0x0000000085100000, 0x0000000085200000|  0%| F|  |TAMS 0x0000000085100000| PB 0x0000000085100000| Untracked |  0
|  32|0x0000000085200000, 0x0000000085200000, 0x0000000085300000|  0%| F|  |TAMS 0x0000000085200000| PB 0x0000000085200000| Untracked |  0
|  33|0x0000000085300000, 0x0000000085300000, 0x0000000085400000|  0%| F|  |TAMS 0x0000000085300000| PB 0x0000000085300000| Untracked |  0
|  34|0x0000000085400000, 0x0000000085400000, 0x0000000085500000|  0%| F|  |TAMS 0x0000000085400000| PB 0x0000000085400000| Untracked |  0
|  35|0x0000000085500000, 0x0000000085500000, 0x0000000085600000|  0%| F|  |TAMS 0x0000000085500000| PB 0x0000000085500000| Untracked |  0
|  36|0x0000000085600000, 0x0000000085600000, 0x0000000085700000|  0%| F|  |TAMS 0x0000000085600000| PB 0x0000000085600000| Untracked |  0
|  37|0x0000000085700000, 0x0000000085700000, 0x0000000085800000|  0%| F|  |TAMS 0x0000000085700000| PB 0x0000000085700000| Untracked |  0
|  38|0x0000000085800000, 0x0000000085800000, 0x0000000085900000|  0%| F|  |TAMS 0x0000000085800000| PB 0x0000000085800000| Untracked |  0
|  39|0x0000000085900000, 0x0000000085900000, 0x0000000085a00000|  0%| F|  |TAMS 0x0000000085900000| PB 0x0000000085900000| Untracked |  0
|  40|0x0000000085a00000, 0x0000000085a00000, 0x0000000085b00000|  0%| F|  |TAMS 0x0000000085a00000| PB 0x0000000085a00000| Untracked |  0
|  41|0x0000000085b00000, 0x0000000085b00000, 0x0000000085c00000|  0%| F|  |TAMS 0x0000000085b00000| PB 0x0000000085b00000| Untracked |  0
|  42|0x0000000085c00000, 0x0000000085c00000, 0x0000000085d00000|  0%| F|  |TAMS 0x0000000085c00000| PB 0x0000000085c00000| Untracked |  0
|  43|0x0000000085d00000, 0x0000000085d00000, 0x0000000085e00000|  0%| F|  |TAMS 0x0000000085d00000| PB 0x0000000085d00000| Untracked |  0
|  44|0x0000000085e00000, 0x0000000085e00000, 0x0000000085f00000|  0%| F|  |TAMS 0x0000000085e00000| PB 0x0000000085e00000| Untracked |  0
|  45|0x0000000085f00000, 0x0000000085f00000, 0x0000000086000000|  0%| F|  |TAMS 0x0000000085f00000| PB 0x0000000085f00000| Untracked |  0
|  46|0x0000000086000000, 0x0000000086000000, 0x0000000086100000|  0%| F|  |TAMS 0x0000000086000000| PB 0x0000000086000000| Untracked |  0
|  47|0x0000000086100000, 0x0000000086100000, 0x0000000086200000|  0%| F|  |TAMS 0x0000000086100000| PB 0x0000000086100000| Untracked |  0
|  48|0x0000000086200000, 0x0000000086200000, 0x0000000086300000|  0%| F|  |TAMS 0x0000000086200000| PB 0x0000000086200000| Untracked |  0
|  49|0x0000000086300000, 0x0000000086300000, 0x0000000086400000|  0%| F|  |TAMS 0x0000000086300000| PB 0x0000000086300000| Untracked |  0
|  50|0x0000000086400000, 0x0000000086400000, 0x0000000086500000|  0%| F|  |TAMS 0x0000000086400000| PB 0x0000000086400000| Untracked |  0
|  51|0x0000000086500000, 0x0000000086500000, 0x0000000086600000|  0%| F|  |TAMS 0x0000000086500000| PB 0x0000000086500000| Untracked |  0
|  52|0x0000000086600000, 0x0000000086600000, 0x0000000086700000|  0%| F|  |TAMS 0x0000000086600000| PB 0x0000000086600000| Untracked |  0
|  53|0x0000000086700000, 0x0000000086700000, 0x0000000086800000|  0%| F|  |TAMS 0x0000000086700000| PB 0x0000000086700000| Untracked |  0
|  54|0x0000000086800000, 0x0000000086800000, 0x0000000086900000|  0%| F|  |TAMS 0x0000000086800000| PB 0x0000000086800000| Untracked |  0
|  55|0x0000000086900000, 0x0000000086900000, 0x0000000086a00000|  0%| F|  |TAMS 0x0000000086900000| PB 0x0000000086900000| Untracked |  0
|  56|0x0000000086a00000, 0x0000000086a00000, 0x0000000086b00000|  0%| F|  |TAMS 0x0000000086a00000| PB 0x0000000086a00000| Untracked |  0
|  57|0x0000000086b00000, 0x0000000086b00000, 0x0000000086c00000|  0%| F|  |TAMS 0x0000000086b00000| PB 0x0000000086b00000| Untracked |  0
|  58|0x0000000086c00000, 0x0000000086c00000, 0x0000000086d00000|  0%| F|  |TAMS 0x0000000086c00000| PB 0x0000000086c00000| Untracked |  0
|  59|0x0000000086d00000, 0x0000000086d00000, 0x0000000086e00000|  0%| F|  |TAMS 0x0000000086d00000| PB 0x0000000086d00000| Untracked |  0
|  60|0x0000000086e00000, 0x0000000086e00000, 0x0000000086f00000|  0%| F|  |TAMS 0x0000000086e00000| PB 0x0000000086e00000| Untracked |  0
|  61|0x0000000086f00000, 0x0000000086f00000, 0x0000000087000000|  0%| F|  |TAMS 0x0000000086f00000| PB 0x0000000086f00000| Untracked |  0
|  62|0x0000000087000000, 0x0000000087000000, 0x0000000087100000|  0%| F|  |TAMS 0x0000000087000000| PB 0x0000000087000000| Untracked |  0
|  63|0x0000000087100000, 0x0000000087100000, 0x0000000087200000|  0%| F|  |TAMS 0x0000000087100000| PB 0x0000000087100000| Untracked |  0
|  64|0x0000000087200000, 0x0000000087200000, 0x0000000087300000|  0%| F|  |TAMS 0x0000000087200000| PB 0x0000000087200000| Untracked |  0
|  65|0x0000000087300000, 0x0000000087300000, 0x0000000087400000|  0%| F|  |TAMS 0x0000000087300000| PB 0x0000000087300000| Untracked |  0
|  66|0x0000000087400000, 0x0000000087400000, 0x0000000087500000|  0%| F|  |TAMS 0x0000000087400000| PB 0x0000000087400000| Untracked |  0
|  67|0x0000000087500000, 0x0000000087500000, 0x0000000087600000|  0%| F|  |TAMS 0x0000000087500000| PB 0x0000000087500000| Untracked |  0
|  68|0x0000000087600000, 0x0000000087600000, 0x0000000087700000|  0%| F|  |TAMS 0x0000000087600000| PB 0x0000000087600000| Untracked |  0
|  69|0x0000000087700000, 0x0000000087700000, 0x0000000087800000|  0%| F|  |TAMS 0x0000000087700000| PB 0x0000000087700000| Untracked |  0
|  70|0x0000000087800000, 0x0000000087800000, 0x0000000087900000|  0%| F|  |TAMS 0x0000000087800000| PB 0x0000000087800000| Untracked |  0
|  71|0x0000000087900000, 0x0000000087900000, 0x0000000087a00000|  0%| F|  |TAMS 0x0000000087900000| PB 0x0000000087900000| Untracked |  0
|  72|0x0000000087a00000, 0x0000000087a00000, 0x0000000087b00000|  0%| F|  |TAMS 0x0000000087a00000| PB 0x0000000087a00000| Untracked |  0
|  73|0x0000000087b00000, 0x0000000087b00000, 0x0000000087c00000|  0%| F|  |TAMS 0x0000000087b00000| PB 0x0000000087b00000| Untracked |  0
|  74|0x0000000087c00000, 0x0000000087c00000, 0x0000000087d00000|  0%| F|  |TAMS 0x0000000087c00000| PB 0x0000000087c00000| Untracked |  0
|  75|0x0000000087d00000, 0x0000000087d00000, 0x0000000087e00000|  0%| F|  |TAMS 0x0000000087d00000| PB 0x0000000087d00000| Untracked |  0
|  76|0x0000000087e00000, 0x0000000087e00000, 0x0000000087f00000|  0%| F|  |TAMS 0x0000000087e00000| PB 0x0000000087e00000| Untracked |  0
|  77|0x0000000087f00000, 0x0000000087f00000, 0x0000000088000000|  0%| F|  |TAMS 0x0000000087f00000| PB 0x0000000087f00000| Untracked |  0
|  78|0x0000000088000000, 0x0000000088000000, 0x0000000088100000|  0%| F|  |TAMS 0x0000000088000000| PB 0x0000000088000000| Untracked |  0
|  79|0x0000000088100000, 0x0000000088100000, 0x0000000088200000|  0%| F|  |TAMS 0x0000000088100000| PB 0x0000000088100000| Untracked |  0
|  80|0x0000000088200000, 0x0000000088200000, 0x0000000088300000|  0%| F|  |TAMS 0x0000000088200000| PB 0x0000000088200000| Untracked |  0
|  81|0x0000000088300000, 0x0000000088300000, 0x0000000088400000|  0%| F|  |TAMS 0x0000000088300000| PB 0x0000000088300000| Untracked |  0
|  82|0x0000000088400000, 0x0000000088400000, 0x0000000088500000|  0%| F|  |TAMS 0x0000000088400000| PB 0x0000000088400000| Untracked |  0
|  83|0x0000000088500000, 0x0000000088500000, 0x0000000088600000|  0%| F|  |TAMS 0x0000000088500000| PB 0x0000000088500000| Untracked |  0
|  84|0x0000000088600000, 0x0000000088600000, 0x0000000088700000|  0%| F|  |TAMS 0x0000000088600000| PB 0x0000000088600000| Untracked |  0
|  85|0x0000000088700000, 0x0000000088700000, 0x0000000088800000|  0%| F|  |TAMS 0x0000000088700000| PB 0x0000000088700000| Untracked |  0
|  86|0x0000000088800000, 0x0000000088800000, 0x0000000088900000|  0%| F|  |TAMS 0x0000000088800000| PB 0x0000000088800000| Untracked |  0
|  87|0x0000000088900000, 0x0000000088900000, 0x0000000088a00000|  0%| F|  |TAMS 0x0000000088900000| PB 0x0000000088900000| Untracked |  0
|  88|0x0000000088a00000, 0x0000000088a00000, 0x0000000088b00000|  0%| F|  |TAMS 0x0000000088a00000| PB 0x0000000088a00000| Untracked |  0
|  89|0x0000000088b00000, 0x0000000088b00000, 0x0000000088c00000|  0%| F|  |TAMS 0x0000000088b00000| PB 0x0000000088b00000| Untracked |  0
|  90|0x0000000088c00000, 0x0000000088c00000, 0x0000000088d00000|  0%| F|  |TAMS 0x0000000088c00000| PB 0x0000000088c00000| Untracked |  0
|  91|0x0000000088d00000, 0x0000000088d00000, 0x0000000088e00000|  0%| F|  |TAMS 0x0000000088d00000| PB 0x0000000088d00000| Untracked |  0
|  92|0x0000000088e00000, 0x0000000088e00000, 0x0000000088f00000|  0%| F|  |TAMS 0x0000000088e00000| PB 0x0000000088e00000| Untracked |  0
|  93|0x0000000088f00000, 0x0000000088f00000, 0x0000000089000000|  0%| F|  |TAMS 0x0000000088f00000| PB 0x0000000088f00000| Untracked |  0
|  94|0x0000000089000000, 0x0000000089000000, 0x0000000089100000|  0%| F|  |TAMS 0x0000000089000000| PB 0x0000000089000000| Untracked |  0
|  95|0x0000000089100000, 0x0000000089100000, 0x0000000089200000|  0%| F|  |TAMS 0x0000000089100000| PB 0x0000000089100000| Untracked |  0
|  96|0x0000000089200000, 0x0000000089200000, 0x0000000089300000|  0%| F|  |TAMS 0x0000000089200000| PB 0x0000000089200000| Untracked |  0
|  97|0x0000000089300000, 0x0000000089300000, 0x0000000089400000|  0%| F|  |TAMS 0x0000000089300000| PB 0x0000000089300000| Untracked |  0
|  98|0x0000000089400000, 0x0000000089400000, 0x0000000089500000|  0%| F|  |TAMS 0x0000000089400000| PB 0x0000000089400000| Untracked |  0
|  99|0x0000000089500000, 0x0000000089500000, 0x0000000089600000|  0%| F|  |TAMS 0x0000000089500000| PB 0x0000000089500000| Untracked |  0
| 100|0x0000000089600000, 0x0000000089600000, 0x0000000089700000|  0%| F|  |TAMS 0x0000000089600000| PB 0x0000000089600000| Untracked |  0
| 101|0x0000000089700000, 0x0000000089700000, 0x0000000089800000|  0%| F|  |TAMS 0x0000000089700000| PB 0x0000000089700000| Untracked |  0
| 102|0x0000000089800000, 0x0000000089800000, 0x0000000089900000|  0%| F|  |TAMS 0x0000000089800000| PB 0x0000000089800000| Untracked |  0
| 103|0x0000000089900000, 0x0000000089900000, 0x0000000089a00000|  0%| F|  |TAMS 0x0000000089900000| PB 0x0000000089900000| Untracked |  0
| 104|0x0000000089a00000, 0x0000000089a00000, 0x0000000089b00000|  0%| F|  |TAMS 0x0000000089a00000| PB 0x0000000089a00000| Untracked |  0
| 105|0x0000000089b00000, 0x0000000089b00000, 0x0000000089c00000|  0%| F|  |TAMS 0x0000000089b00000| PB 0x0000000089b00000| Untracked |  0
| 106|0x0000000089c00000, 0x0000000089c00000, 0x0000000089d00000|  0%| F|  |TAMS 0x0000000089c00000| PB 0x0000000089c00000| Untracked |  0
| 107|0x0000000089d00000, 0x0000000089d00000, 0x0000000089e00000|  0%| F|  |TAMS 0x0000000089d00000| PB 0x0000000089d00000| Untracked |  0
| 108|0x0000000089e00000, 0x0000000089e00000, 0x0000000089f00000|  0%| F|  |TAMS 0x0000000089e00000| PB 0x0000000089e00000| Untracked |  0
| 109|0x0000000089f00000, 0x0000000089f00000, 0x000000008a000000|  0%| F|  |TAMS 0x0000000089f00000| PB 0x0000000089f00000| Untracked |  0
| 110|0x000000008a000000, 0x000000008a000000, 0x000000008a100000|  0%| F|  |TAMS 0x000000008a000000| PB 0x000000008a000000| Untracked |  0
| 111|0x000000008a100000, 0x000000008a100000, 0x000000008a200000|  0%| F|  |TAMS 0x000000008a100000| PB 0x000000008a100000| Untracked |  0
| 112|0x000000008a200000, 0x000000008a200000, 0x000000008a300000|  0%| F|  |TAMS 0x000000008a200000| PB 0x000000008a200000| Untracked |  0
| 113|0x000000008a300000, 0x000000008a300000, 0x000000008a400000|  0%| F|  |TAMS 0x000000008a300000| PB 0x000000008a300000| Untracked |  0
| 114|0x000000008a400000, 0x000000008a400000, 0x000000008a500000|  0%| F|  |TAMS 0x000000008a400000| PB 0x000000008a400000| Untracked |  0
| 115|0x000000008a500000, 0x000000008a500000, 0x000000008a600000|  0%| F|  |TAMS 0x000000008a500000| PB 0x000000008a500000| Untracked |  0
| 116|0x000000008a600000, 0x000000008a600000, 0x000000008a700000|  0%| F|  |TAMS 0x000000008a600000| PB 0x000000008a600000| Untracked |  0
| 117|0x000000008a700000, 0x000000008a700000, 0x000000008a800000|  0%| F|  |TAMS 0x000000008a700000| PB 0x000000008a700000| Untracked |  0
| 118|0x000000008a800000, 0x000000008a87ae28, 0x000000008a900000| 48%| E|  |TAMS 0x000000008a800000| PB 0x000000008a800000| Complete |  0
| 119|0x000000008a900000, 0x000000008aa00000, 0x000000008aa00000|100%| E|CS|TAMS 0x000000008a900000| PB 0x000000008a900000| Complete |  0
| 120|0x000000008aa00000, 0x000000008ab00000, 0x000000008ab00000|100%| E|CS|TAMS 0x000000008aa00000| PB 0x000000008aa00000| Complete |  0
| 121|0x000000008ab00000, 0x000000008ac00000, 0x000000008ac00000|100%| E|CS|TAMS 0x000000008ab00000| PB 0x000000008ab00000| Complete |  0
| 122|0x000000008ac00000, 0x000000008ad00000, 0x000000008ad00000|100%| E|CS|TAMS 0x000000008ac00000| PB 0x000000008ac00000| Complete |  0
| 123|0x000000008ad00000, 0x000000008ae00000, 0x000000008ae00000|100%| E|CS|TAMS 0x000000008ad00000| PB 0x000000008ad00000| Complete |  0
| 124|0x000000008ae00000, 0x000000008af00000, 0x000000008af00000|100%| E|CS|TAMS 0x000000008ae00000| PB 0x000000008ae00000| Complete |  0
| 125|0x000000008af00000, 0x000000008b000000, 0x000000008b000000|100%| E|CS|TAMS 0x000000008af00000| PB 0x000000008af00000| Complete |  0

Card table byte_map: [0x000002a34b3d0000,0x000002a34b7c0000] _byte_map_base: 0x000002a34afb7000

Marking Bits: (CMBitMap*) 0x000002a3335d6320
 Bits: [0x000002a34b7c0000, 0x000002a34d6f8000)

Polling page: 0x000002a332d40000

Metaspace:

Usage:
  Non-class:      2.17 MB used.
      Class:    231.38 KB used.
       Both:      2.39 MB used.

Virtual space:
  Non-class space:       64.00 MB reserved,       2.25 MB (  4%) committed,  1 nodes.
      Class space:        1.00 GB reserved,     256.00 KB ( <1%) committed,  1 nodes.
             Both:        1.06 GB reserved,       2.50 MB ( <1%) committed. 

Chunk freelists:
   Non-Class:  11.02 MB
       Class:  15.61 MB
        Both:  26.62 MB

MaxMetaspaceSize: unlimited
CompressedClassSpaceSize: 1.00 GB
Initial GC threshold: 21.00 MB
Current GC threshold: 21.00 MB
CDS: on
 - commit_granule_bytes: 65536.
 - commit_granule_words: 8192.
 - virtual_space_node_default_size: 8388608.
 - enlarge_chunks_in_place: 1.
 - use_allocation_guard: 0.


Internal statistics:

num_allocs_failed_limit: 0.
num_arena_births: 30.
num_arena_deaths: 0.
num_vsnodes_births: 2.
num_vsnodes_deaths: 0.
num_space_committed: 40.
num_space_uncommitted: 0.
num_chunks_returned_to_freelist: 0.
num_chunks_taken_from_freelist: 82.
num_chunk_merges: 0.
num_chunk_splits: 59.
num_chunks_enlarged: 46.
num_inconsistent_stats: 0.

CodeHeap 'non-profiled nmethods': size=120064Kb used=165Kb max_used=165Kb free=119898Kb
 bounds [0x000002a343770000, 0x000002a3439e0000, 0x000002a34acb0000]
CodeHeap 'profiled nmethods': size=120000Kb used=668Kb max_used=668Kb free=119331Kb
 bounds [0x000002a33bcb0000, 0x000002a33bf20000, 0x000002a3431e0000]
CodeHeap 'non-nmethods': size=5696Kb used=1409Kb max_used=1423Kb free=4286Kb
 bounds [0x000002a3431e0000, 0x000002a343450000, 0x000002a343770000]
CodeCache: size=245760Kb, used=2242Kb, max_used=2256Kb, free=243515Kb
 total_blobs=1001, nmethods=570, adapters=337, full_count=0
Compilation: enabled, stopped_count=0, restarted_count=0

Compilation events (20 events):
Event: 0.810 Thread 0x000002a3501782c0 nmethod 559 0x000002a33bd53308 code [0x000002a33bd53440, 0x000002a33bd53680]
Event: 0.810 Thread 0x000002a3501782c0  560       3       java.util.AbstractList::<init> (10 bytes)
Event: 0.810 Thread 0x000002a3501782c0 nmethod 560 0x000002a33bd53708 code [0x000002a33bd53820, 0x000002a33bd539f0]
Event: 0.813 Thread 0x000002a3501782c0  561       3       java.security.AccessController::checkContext (49 bytes)
Event: 0.813 Thread 0x000002a3501782c0 nmethod 561 0x000002a33bd53a88 code [0x000002a33bd53ba0, 0x000002a33bd53d78]
Event: 0.815 Thread 0x000002a3501782c0  562       3       java.security.AccessController::executePrivileged (69 bytes)
Event: 0.815 Thread 0x000002a3501782c0 nmethod 562 0x000002a33bd53e08 code [0x000002a33bd53f60, 0x000002a33bd54288]
Event: 0.816 Thread 0x000002a3501782c0  563       3       org.codehaus.plexus.classworlds.realm.ClassRealm::loadClass (7 bytes)
Event: 0.816 Thread 0x000002a3501782c0 nmethod 563 0x000002a33bd54308 code [0x000002a33bd54420, 0x000002a33bd545e8]
Event: 0.816 Thread 0x000002a3501782c0  564   !   3       org.codehaus.plexus.classworlds.realm.ClassRealm::loadClass (33 bytes)
Event: 0.817 Thread 0x000002a3501782c0 nmethod 564 0x000002a33bd54688 code [0x000002a33bd547e0, 0x000002a33bd54a88]
Event: 0.817 Thread 0x000002a3501782c0  565   !   3       org.codehaus.plexus.classworlds.realm.ClassRealm::unsynchronizedLoadClass (19 bytes)
Event: 0.817 Thread 0x000002a3501782c0 nmethod 565 0x000002a33bd54b08 code [0x000002a33bd54c40, 0x000002a33bd54e78]
Event: 0.818 Thread 0x000002a3501782c0  566       3       sun.net.util.IPAddressUtil::checkHostString (65 bytes)
Event: 0.819 Thread 0x000002a3501782c0 nmethod 566 0x000002a33bd54f08 code [0x000002a33bd55040, 0x000002a33bd55248]
Event: 0.819 Thread 0x000002a3501782c0  567       3       java.net.URL::toExternalForm (9 bytes)
Event: 0.819 Thread 0x000002a3501782c0 nmethod 567 0x000002a33bd55288 code [0x000002a33bd553a0, 0x000002a33bd55578]
Event: 0.819 Thread 0x000002a3501782c0  568       3       java.net.URLStreamHandler::toExternalForm (156 bytes)
Event: 0.821 Thread 0x000002a3501782c0 nmethod 568 0x000002a33bd55608 code [0x000002a33bd55980, 0x000002a33bd57008]
Event: 0.824 Thread 0x000002a3501713c0  569       4       java.lang.StringUTF16::compress (47 bytes)

GC Heap History (0 events):
No events

Dll operation events (8 events):
Event: 0.017 Loaded shared library C:\Program Files\Java\jdk-23\bin\java.dll
Event: 0.080 Loaded shared library C:\Program Files\Java\jdk-23\bin\jsvml.dll
Event: 0.122 Loaded shared library C:\Program Files\Java\jdk-23\bin\net.dll
Event: 0.126 Loaded shared library C:\Program Files\Java\jdk-23\bin\nio.dll
Event: 0.135 Loaded shared library C:\Program Files\Java\jdk-23\bin\zip.dll
Event: 0.475 Loaded shared library C:\Program Files\Java\jdk-23\bin\jimage.dll
Event: 0.494 Loaded shared library C:\Program Files\apache-maven-3.9.6\lib\jansi-native\Windows\x86_64\jansi.dll
Event: 0.527 Loaded shared library C:\Program Files\Java\jdk-23\bin\verify.dll

Deoptimization events (12 events):
Event: 0.226 Thread 0x000002a331250f10 Uncommon trap: trap_request=0xffffff45 fr.pc=0x000002a343775e30 relative=0x0000000000000270
Event: 0.226 Thread 0x000002a331250f10 Uncommon trap: reason=unstable_if action=reinterpret pc=0x000002a343775e30 method=jdk.internal.util.ArraysSupport.hashCodeOfUnsigned([BIII)I @ 1 c2
Event: 0.226 Thread 0x000002a331250f10 DEOPT PACKING pc=0x000002a343775e30 sp=0x000000ecb60fd850
Event: 0.227 Thread 0x000002a331250f10 DEOPT UNPACKING pc=0x000002a343237982 sp=0x000000ecb60fd710 mode 2
Event: 0.410 Thread 0x000002a331250f10 Uncommon trap: trap_request=0xffffff45 fr.pc=0x000002a34377c930 relative=0x0000000000000130
Event: 0.410 Thread 0x000002a331250f10 Uncommon trap: reason=unstable_if action=reinterpret pc=0x000002a34377c930 method=java.lang.StringCoding.countPositives([BII)I @ 17 c2
Event: 0.410 Thread 0x000002a331250f10 DEOPT PACKING pc=0x000002a34377c930 sp=0x000000ecb60fa4b0
Event: 0.410 Thread 0x000002a331250f10 DEOPT UNPACKING pc=0x000002a343237982 sp=0x000000ecb60fa450 mode 2
Event: 0.423 Thread 0x000002a331250f10 Uncommon trap: trap_request=0xffffff45 fr.pc=0x000002a343784860 relative=0x0000000000000060
Event: 0.423 Thread 0x000002a331250f10 Uncommon trap: reason=unstable_if action=reinterpret pc=0x000002a343784860 method=java.io.WinNTFileSystem.isSlash(C)Z @ 9 c2
Event: 0.423 Thread 0x000002a331250f10 DEOPT PACKING pc=0x000002a343784860 sp=0x000000ecb60fe780
Event: 0.423 Thread 0x000002a331250f10 DEOPT UNPACKING pc=0x000002a343237982 sp=0x000000ecb60fe708 mode 2

Classes loaded (20 events):
Event: 0.702 Loading class java/lang/IndexOutOfBoundsException done
Event: 0.702 Loading class java/lang/StringIndexOutOfBoundsException done
Event: 0.739 Loading class java/io/StringReader
Event: 0.740 Loading class java/io/StringReader done
Event: 0.741 Loading class java/util/regex/Pattern$BnM
Event: 0.742 Loading class java/util/regex/Pattern$BnM done
Event: 0.742 Loading class java/util/regex/Pattern$SliceS
Event: 0.742 Loading class java/util/regex/Pattern$SliceS done
Event: 0.745 Loading class java/text/MessageFormat
Event: 0.746 Loading class java/text/MessageFormat done
Event: 0.747 Loading class java/io/FileReader
Event: 0.747 Loading class java/io/FileReader done
Event: 0.755 Loading class java/io/EOFException
Event: 0.756 Loading class java/io/EOFException done
Event: 0.770 Loading class java/io/StringWriter
Event: 0.770 Loading class java/io/StringWriter done
Event: 0.783 Loading class java/util/ArrayList$ListItr
Event: 0.783 Loading class java/util/ArrayList$ListItr done
Event: 0.806 Loading class java/lang/TypeNotPresentException
Event: 0.806 Loading class java/lang/TypeNotPresentException done

Classes unloaded (0 events):
No events

Classes redefined (0 events):
No events

Internal exceptions (17 events):
Event: 0.223 Thread 0x000002a331250f10 Exception <a 'java/lang/NoSuchMethodError'{0x000000008ad1c490}: 'int java.lang.invoke.DirectMethodHandle$Holder.invokeSpecial(java.lang.Object, java.lang.Object, java.lang.Object)'> (0x000000008ad1c490) 
thrown [s\open\src\hotspot\share\interpreter\linkResolver.cpp, line 796]
Event: 0.441 Thread 0x000002a331250f10 Exception <a 'java/lang/NoSuchMethodError'{0x000000008ab38730}: 'java.lang.Object java.lang.invoke.Invokers$Holder.invokeExact_MT(java.lang.Object, java.lang.Object, java.lang.Object, java.lang.Object, java.lang.Object)'> (0x000000008ab38730) 
thrown [s\open\src\hotspot\share\interpreter\linkResolver.cpp, line 796]
Event: 0.468 Thread 0x000002a331250f10 Exception <a 'java/lang/NullPointerException'{0x000000008ab8ed20}> (0x000000008ab8ed20) 
thrown [s\open\src\hotspot\share\interpreter\linkResolver.cpp, line 1389]
Event: 0.501 Thread 0x000002a331250f10 Exception <a 'java/lang/NullPointerException'{0x000000008abc0628}> (0x000000008abc0628) 
thrown [s\open\src\hotspot\share\interpreter\linkResolver.cpp, line 1389]
Event: 0.501 Thread 0x000002a331250f10 Exception <a 'java/lang/NullPointerException'{0x000000008abc0908}> (0x000000008abc0908) 
thrown [s\open\src\hotspot\share\interpreter\linkResolver.cpp, line 1389]
Event: 0.501 Thread 0x000002a331250f10 Exception <a 'java/lang/NullPointerException'{0x000000008abc0be8}> (0x000000008abc0be8) 
thrown [s\open\src\hotspot\share\interpreter\linkResolver.cpp, line 1389]
Event: 0.504 Thread 0x000002a331250f10 Exception <a 'java/lang/NullPointerException'{0x000000008abc5840}> (0x000000008abc5840) 
thrown [s\open\src\hotspot\share\interpreter\linkResolver.cpp, line 1389]
Event: 0.508 Thread 0x000002a331250f10 Exception <a 'java/lang/NullPointerException'{0x000000008abd88c0}> (0x000000008abd88c0) 
thrown [s\open\src\hotspot\share\interpreter\linkResolver.cpp, line 1389]
Event: 0.508 Thread 0x000002a331250f10 Exception <a 'java/lang/NullPointerException'{0x000000008abd8ba0}> (0x000000008abd8ba0) 
thrown [s\open\src\hotspot\share\interpreter\linkResolver.cpp, line 1389]
Event: 0.508 Thread 0x000002a331250f10 Exception <a 'java/lang/NullPointerException'{0x000000008abd8e80}> (0x000000008abd8e80) 
thrown [s\open\src\hotspot\share\interpreter\linkResolver.cpp, line 1389]
Event: 0.508 Thread 0x000002a331250f10 Exception <a 'java/lang/NullPointerException'{0x000000008abd9160}> (0x000000008abd9160) 
thrown [s\open\src\hotspot\share\interpreter\linkResolver.cpp, line 1389]
Event: 0.520 Thread 0x000002a331250f10 Exception <a 'sun/nio/fs/WindowsException'{0x000000008aa023e0}> (0x000000008aa023e0) 
thrown [s\open\src\hotspot\share\prims\jni.cpp, line 520]
Event: 0.521 Thread 0x000002a331250f10 Exception <a 'sun/nio/fs/WindowsException'{0x000000008aa02a80}> (0x000000008aa02a80) 
thrown [s\open\src\hotspot\share\prims\jni.cpp, line 520]
Event: 0.521 Thread 0x000002a331250f10 Exception <a 'sun/nio/fs/WindowsException'{0x000000008aa02fd8}> (0x000000008aa02fd8) 
thrown [s\open\src\hotspot\share\prims\jni.cpp, line 520]
Event: 0.521 Thread 0x000002a331250f10 Exception <a 'sun/nio/fs/WindowsException'{0x000000008aa034e0}> (0x000000008aa034e0) 
thrown [s\open\src\hotspot\share\prims\jni.cpp, line 520]
Event: 0.521 Thread 0x000002a331250f10 Exception <a 'sun/nio/fs/WindowsException'{0x000000008aa039a0}> (0x000000008aa039a0) 
thrown [s\open\src\hotspot\share\prims\jni.cpp, line 520]
Event: 0.798 Thread 0x000002a331250f10 Exception <a 'java/lang/NoSuchMethodError'{0x000000008a81d180}: 'java.lang.Object java.lang.invoke.DirectMethodHandle$Holder.invokeSpecialIFC(java.lang.Object, java.lang.Object, java.lang.Object, java.lang.Object)'> (0x000000008a81d180) 
thrown [s\open\src\hotspot\share\interpreter\linkResolver.cpp, line 796]

VM Operations (6 events):
Event: 0.140 Executing VM operation: HandshakeAllThreads (Deoptimize)
Event: 0.140 Executing VM operation: HandshakeAllThreads (Deoptimize) done
Event: 0.465 Executing VM operation: HandshakeAllThreads (Deoptimize)
Event: 0.465 Executing VM operation: HandshakeAllThreads (Deoptimize) done
Event: 0.485 Executing VM operation: HandshakeAllThreads (Deoptimize)
Event: 0.485 Executing VM operation: HandshakeAllThreads (Deoptimize) done

Memory protections (0 events):
No events

Nmethod flushes (0 events):
No events

Events (11 events):
Event: 0.042 Thread 0x000002a331250f10 Thread added: 0x000002a331250f10
Event: 0.075 Thread 0x000002a331250f10 Thread added: 0x000002a3501651c0
Event: 0.075 Thread 0x000002a331250f10 Thread added: 0x000002a3501660e0
Event: 0.076 Thread 0x000002a331250f10 Thread added: 0x000002a35016bf60
Event: 0.076 Thread 0x000002a331250f10 Thread added: 0x000002a35016c9c0
Event: 0.076 Thread 0x000002a331250f10 Thread added: 0x000002a35016d420
Event: 0.076 Thread 0x000002a331250f10 Thread added: 0x000002a35016de80
Event: 0.076 Thread 0x000002a331250f10 Thread added: 0x000002a3501713c0
Event: 0.077 Thread 0x000002a331250f10 Thread added: 0x000002a3501782c0
Event: 0.110 Thread 0x000002a331250f10 Thread added: 0x000002a3502c0870
Event: 0.116 Thread 0x000002a331250f10 Thread added: 0x000002a3502c5700


Dynamic libraries:
0x00007ff6e6560000 - 0x00007ff6e6570000 	C:\Program Files\Java\jdk-23\bin\java.exe
0x00007ffa61770000 - 0x00007ffa61987000 	C:\WINDOWS\SYSTEM32\ntdll.dll
0x00007ffa60d50000 - 0x00007ffa60e14000 	C:\WINDOWS\System32\KERNEL32.DLL
0x00007ffa5ed30000 - 0x00007ffa5f0e9000 	C:\WINDOWS\System32\KERNELBASE.dll
0x00007ffa5f2d0000 - 0x00007ffa5f3e1000 	C:\WINDOWS\System32\ucrtbase.dll
0x00007ffa2ed30000 - 0x00007ffa2ed4b000 	C:\Program Files\Java\jdk-23\bin\VCRUNTIME140.dll
0x00007ffa2e5f0000 - 0x00007ffa2e607000 	C:\Program Files\Java\jdk-23\bin\jli.dll
0x00007ffa60880000 - 0x00007ffa60a2e000 	C:\WINDOWS\System32\USER32.dll
0x00007ffa450e0000 - 0x00007ffa45372000 	C:\WINDOWS\WinSxS\amd64_microsoft.windows.common-controls_6595b64144ccf1df_6.0.22621.4391_none_2715d37f73803e96\COMCTL32.dll
0x00007ffa5eb60000 - 0x00007ffa5eb86000 	C:\WINDOWS\System32\win32u.dll
0x00007ffa60ca0000 - 0x00007ffa60d47000 	C:\WINDOWS\System32\msvcrt.dll
0x00007ffa5f6b0000 - 0x00007ffa5f6d9000 	C:\WINDOWS\System32\GDI32.dll
0x00007ffa5f1b0000 - 0x00007ffa5f2cb000 	C:\WINDOWS\System32\gdi32full.dll
0x00007ffa5f3f0000 - 0x00007ffa5f48a000 	C:\WINDOWS\System32\msvcp_win.dll
0x00007ffa5ffc0000 - 0x00007ffa5fff1000 	C:\WINDOWS\System32\IMM32.DLL
0x00007ffa41270000 - 0x00007ffa4127c000 	C:\Program Files\Java\jdk-23\bin\vcruntime140_1.dll
0x00007ffa1fa90000 - 0x00007ffa1fb1e000 	C:\Program Files\Java\jdk-23\bin\msvcp140.dll
0x00007ff9e92f0000 - 0x00007ff9ea03f000 	C:\Program Files\Java\jdk-23\bin\server\jvm.dll
0x00007ffa5faf0000 - 0x00007ffa5fba2000 	C:\WINDOWS\System32\ADVAPI32.dll
0x00007ffa615f0000 - 0x00007ffa61697000 	C:\WINDOWS\System32\sechost.dll
0x00007ffa5eb90000 - 0x00007ffa5ebb8000 	C:\WINDOWS\System32\bcrypt.dll
0x00007ffa5f490000 - 0x00007ffa5f5a4000 	C:\WINDOWS\System32\RPCRT4.dll
0x00007ffa610d0000 - 0x00007ffa61141000 	C:\WINDOWS\System32\WS2_32.dll
0x00007ffa5e940000 - 0x00007ffa5e98d000 	C:\WINDOWS\SYSTEM32\POWRPROF.dll
0x00007ffa5a740000 - 0x00007ffa5a74a000 	C:\WINDOWS\SYSTEM32\VERSION.dll
0x00007ffa5a750000 - 0x00007ffa5a784000 	C:\WINDOWS\SYSTEM32\WINMM.dll
0x00007ffa5e920000 - 0x00007ffa5e933000 	C:\WINDOWS\SYSTEM32\UMPDC.dll
0x00007ffa5dab0000 - 0x00007ffa5dac8000 	C:\WINDOWS\SYSTEM32\kernel.appcore.dll
0x00007ffa3f4f0000 - 0x00007ffa3f4fa000 	C:\Program Files\Java\jdk-23\bin\jimage.dll
0x00007ffa5c2d0000 - 0x00007ffa5c502000 	C:\WINDOWS\SYSTEM32\DBGHELP.DLL
0x00007ffa5f760000 - 0x00007ffa5faef000 	C:\WINDOWS\System32\combase.dll
0x00007ffa5fc20000 - 0x00007ffa5fcf7000 	C:\WINDOWS\System32\OLEAUT32.dll
0x00007ffa4a370000 - 0x00007ffa4a3a2000 	C:\WINDOWS\SYSTEM32\dbgcore.DLL
0x00007ffa5ea70000 - 0x00007ffa5eaeb000 	C:\WINDOWS\System32\bcryptPrimitives.dll
0x00007ffa2e5d0000 - 0x00007ffa2e5ee000 	C:\Program Files\Java\jdk-23\bin\java.dll
0x00007ffa60af0000 - 0x00007ffa60c95000 	C:\WINDOWS\System32\ole32.dll
0x00007ffa60000000 - 0x00007ffa60876000 	C:\WINDOWS\System32\SHELL32.dll
0x00007ffa5c9b0000 - 0x00007ffa5d2b3000 	C:\WINDOWS\SYSTEM32\windows.storage.dll
0x00007ffa5c870000 - 0x00007ffa5c9af000 	C:\WINDOWS\SYSTEM32\wintypes.dll
0x00007ffa5f5b0000 - 0x00007ffa5f6a9000 	C:\WINDOWS\System32\SHCORE.dll
0x00007ffa60e90000 - 0x00007ffa60eee000 	C:\WINDOWS\System32\shlwapi.dll
0x00007ffa5e9a0000 - 0x00007ffa5e9cb000 	C:\WINDOWS\SYSTEM32\profapi.dll
0x00007ffa19ce0000 - 0x00007ffa19db7000 	C:\Program Files\Java\jdk-23\bin\jsvml.dll
0x00007ffa3f2f0000 - 0x00007ffa3f300000 	C:\Program Files\Java\jdk-23\bin\net.dll
0x00007ffa5df30000 - 0x00007ffa5df99000 	C:\WINDOWS\system32\mswsock.dll
0x00007ffa2db00000 - 0x00007ffa2db16000 	C:\Program Files\Java\jdk-23\bin\nio.dll
0x00007ffa2af00000 - 0x00007ffa2af17000 	C:\Program Files\Java\jdk-23\bin\zip.dll
0x0000000069ac0000 - 0x0000000069ae4000 	C:\Program Files\apache-maven-3.9.6\lib\jansi-native\Windows\x86_64\jansi.dll
0x00007ffa3f040000 - 0x00007ffa3f050000 	C:\Program Files\Java\jdk-23\bin\verify.dll

dbghelp: loaded successfully - version: 4.0.5 - missing functions: none
symbol engine: initialized successfully - sym options: 0x614 - pdb path: .;C:\Program Files\Java\jdk-23\bin;C:\WINDOWS\SYSTEM32;C:\WINDOWS\WinSxS\amd64_microsoft.windows.common-controls_6595b64144ccf1df_6.0.22621.4391_none_2715d37f73803e96;C:\Program Files\Java\jdk-23\bin\server;C:\Program Files\apache-maven-3.9.6\lib\jansi-native\Windows\x86_64

VM Arguments:
jvm_args: -Dclassworlds.conf=C:\Program Files\apache-maven-3.9.6\bin\m2.conf -Dmaven.home=C:\Program Files\apache-maven-3.9.6 -Dlibrary.jansi.path=C:\Program Files\apache-maven-3.9.6\lib\jansi-native -Dmaven.multiModuleProjectDirectory=C:\Users\Kiet\Desktop\registration-login-springboot-security-thymeleaf 
java_command: org.codehaus.plexus.classworlds.launcher.Launcher clean install
java_class_path (initial): C:\Program Files\apache-maven-3.9.6\boot\plexus-classworlds-2.7.0.jar
Launcher Type: SUN_STANDARD

[Global flags]
     intx CICompilerCount                          = 4                                         {product} {ergonomic}
     uint ConcGCThreads                            = 2                                         {product} {ergonomic}
     uint G1ConcRefinementThreads                  = 8                                         {product} {ergonomic}
   size_t G1HeapRegionSize                         = 1048576                                   {product} {ergonomic}
   size_t InitialHeapSize                          = 132120576                                 {product} {ergonomic}
   size_t MarkStackSize                            = 4194304                                   {product} {ergonomic}
   size_t MarkStackSizeMax                         = 536870912                                 {product} {ergonomic}
   size_t MaxHeapSize                              = 2095054848                                {product} {ergonomic}
   size_t MaxNewSize                               = 1256194048                                {product} {ergonomic}
   size_t MinHeapDeltaBytes                        = 1048576                                   {product} {ergonomic}
   size_t MinHeapSize                              = 8388608                                   {product} {ergonomic}
    uintx NonNMethodCodeHeapSize                   = 5832704                                {pd product} {ergonomic}
    uintx NonProfiledCodeHeapSize                  = 122945536                              {pd product} {ergonomic}
    uintx ProfiledCodeHeapSize                     = 122880000                              {pd product} {ergonomic}
    uintx ReservedCodeCacheSize                    = 251658240                              {pd product} {ergonomic}
     bool SegmentedCodeCache                       = true                                      {product} {ergonomic}
   size_t SoftMaxHeapSize                          = 2095054848                             {manageable} {ergonomic}
     bool UseCompressedOops                        = true                           {product lp64_product} {ergonomic}
     bool UseG1GC                                  = true                                      {product} {ergonomic}
     bool UseLargePagesIndividualAllocation        = false                                  {pd product} {ergonomic}

Logging:
Log output configuration:
 #0: stdout all=warning uptime,level,tags foldmultilines=false
 #1: stderr all=off uptime,level,tags foldmultilines=false

Environment Variables:
JAVA_HOME=C:\Program Files\Java\jdk-23
PATH=C:\Program Files\Common Files\Oracle\Java\javapath;C:\Program Files (x86)\Common Files\Oracle\Java\java8path;C:\Program Files (x86)\Common Files\Oracle\Java\javapath;C:\WINDOWS\system32;C:\WINDOWS;C:\WINDOWS\System32\Wbem;C:\WINDOWS\System32\WindowsPowerShell\v1.0\;C:\WINDOWS\System32\OpenSSH\;C:\Program Files\dotnet\;C:\Program Files (x86)\Microsoft SQL Server\160\Tools\Binn\;C:\Program Files\Microsoft SQL Server\160\Tools\Binn\;C:\Program Files\Microsoft SQL Server\Client SDK\ODBC\170\Tools\Binn\;C:\Program Files\Microsoft SQL Server\160\DTS\Binn\;C:\Program Files (x86)\Microsoft SQL Server\160\DTS\Binn\;C:\Program Files\Azure Data Studio\bin;C:\Program Files\apache-maven-3.9.6\bin;C:\Program Files\Git\cmd;C:\Program Files\Java\jdk-23\bin;C:\Users\Kiet\AppData\Local\Programs\Python\Python38;C:\Users\Kiet\AppData\Local\Programs\Python\Python38\Scripts;C:\Program Files\CMake\bin;C:\Program Files\PostgreSQL\17\bin;C:\Users\Kiet\anaconda3\Scripts;C:\Program Files\nodejs\;C:\Users\Kiet\AppData\Local\Microsoft\WindowsApps;C:\Users\Kiet\AppData\Local\Programs\Microsoft VS Code\bin;C:\Users\Kiet\.dotnet\tools;C:\Program Files\Azure Data Studio\bin;C:\Users\Kiet\AppData\Roaming\npm
USERNAME=Kiet
LANG=en_US.UTF-8
OS=Windows_NT
PROCESSOR_IDENTIFIER=Intel64 Family 6 Model 126 Stepping 5, GenuineIntel
TMP=C:\Users\Kiet\AppData\Local\Temp
TEMP=C:\Users\Kiet\AppData\Local\Temp




Periodic native trim disabled

---------------  S Y S T E M  ---------------

OS:
 Windows 11 , 64 bit Build 22621 (10.0.22621.4391)
OS uptime: 3 days 17:17 hours

CPU: total 8 (initial active 8) (4 cores per cpu, 2 threads per core) family 6 model 126 stepping 5 microcode 0xa6, cx8, cmov, fxsr, ht, mmx, 3dnowpref, sse, sse2, sse3, ssse3, sse4.1, sse4.2, popcnt, lzcnt, tsc, tscinvbit, avx, avx2, aes, erms, clmul, bmi1, bmi2, adx, avx512f, avx512dq, avx512cd, avx512bw, avx512vl, sha, fma, vzeroupper, avx512_vpopcntdq, avx512_vpclmulqdq, avx512_vaes, avx512_vnni, clflush, clflushopt, avx512_vbmi2, avx512_vbmi, rdtscp, rdpid, fsrm, gfni, avx512_bitalg, f16c, pku, avx512_ifma
Processor Information for the first 8 processors :
  Max Mhz: 1190, Current Mhz: 991, Mhz Limit: 987

Memory: 4k page, system-wide physical 7987M (658M free)
TotalPageFile size 10035M (AvailPageFile size 496M)
current process WorkingSet (physical memory assigned to process): 50M, peak: 50M
current process commit charge ("private bytes"): 213M, peak: 213M

vm_info: Java HotSpot(TM) 64-Bit Server VM (23.0.1+11-39) for windows-amd64 JRE (23.0.1+11-39), built on 2024-09-30T07:20:43Z with MS VC++ 17.6 (VS2022)

END.
