#
# There is insufficient memory for the Java Runtime Environment to continue.
# Native memory allocation (malloc) failed to allocate 32744 bytes. Error detail: ChunkPool::allocate
# Possible reasons:
#   The system is out of physical RAM or swap space
#   This process is running with CompressedOops enabled, and the Java Heap may be blocking the growth of the native heap
# Possible solutions:
#   Reduce memory load on the system
#   Increase physical memory or swap space
#   Check if swap backing store is full
#   Decrease Java heap size (-Xmx/-Xms)
#   Decrease number of Java threads
#   Decrease Java thread stack sizes (-Xss)
#   Set larger code cache with -XX:ReservedCodeCacheSize=
#   JVM is running with Unscaled Compressed Oops mode in which the Java heap is
#     placed in the first 4GB address space. The Java Heap base address is the
#     maximum limit for the native heap growth. Please use -XX:HeapBaseMinAddress
#     to set the Java Heap base and to place the Java Heap above 4GB virtual address.
# This output file may be truncated or incomplete.
#
#  Out of Memory Error (arena.cpp:79), pid=20976, tid=22016
#
# JRE version: OpenJDK Runtime Environment Temurin-17.0.13+11 (17.0.13+11) (build 17.0.13+11)
# Java VM: OpenJDK 64-Bit Server VM Temurin-17.0.13+11 (17.0.13+11, mixed mode, tiered, compressed oops, compressed class ptrs, parallel gc, windows-amd64)
# No core dump will be written. Minidumps are not enabled by default on client versions of Windows
#

---------------  S U M M A R Y ------------

Command Line: --add-modules=ALL-SYSTEM --add-opens=java.base/java.util=ALL-UNNAMED --add-opens=java.base/java.lang=ALL-UNNAMED --add-opens=java.base/sun.nio.fs=ALL-UNNAMED -Declipse.application=org.eclipse.jdt.ls.core.id1 -Dosgi.bundles.defaultStartLevel=4 -Declipse.product=org.eclipse.jdt.ls.core.product -Djava.import.generatesMetadataFilesAtProjectRoot=false -DDetectVMInstallationsJob.disabled=true -Dfile.encoding=utf8 -XX:+UseParallelGC -XX:GCTimeRatio=4 -XX:AdaptiveSizePolicyWeight=90 -Dsun.zip.disableMemoryMapping=true -Xmx1G -Xms100m -Xlog:disable -javaagent:c:\Users\Kiet\.vscode\extensions\redhat.java-1.37.0-win32-x64\lombok\lombok-1.18.34.jar c:\Users\Kiet\.vscode\extensions\redhat.java-1.37.0-win32-x64\server\plugins\org.eclipse.equinox.launcher_1.6.900.v20240613-2009.jar -configuration c:\Users\Kiet\AppData\Roaming\Code\User\globalStorage\redhat.java\1.37.0\config_ss_win -data c:\Users\Kiet\AppData\Roaming\Code\User\workspaceStorage\65c6d8790072a664d03a5f2e9a254897\redhat.java\ss_ws --pipe=\\.\pipe\lsp-5e57227e60fe5b68d0923caa92e534b4-sock

Host: Intel(R) Core(TM) i5-1035G1 CPU @ 1.00GHz, 8 cores, 7G,  Windows 11 , 64 bit Build 22621 (10.0.22621.4391)
Time: Mon Dec  9 10:31:47 2024 SE Asia Standard Time elapsed time: 5.193632 seconds (0d 0h 0m 5s)

---------------  T H R E A D  ---------------

Current thread (0x00000221845a0460):  JavaThread "C2 CompilerThread1" daemon [_thread_in_native, id=22016, stack(0x0000004b80500000,0x0000004b80600000)]


Current CompileTask:
C2:   5193 2516       4       jdk.internal.module.SystemModuleFinders$SystemModuleReader::find (59 bytes)

Stack: [0x0000004b80500000,0x0000004b80600000]
Native frames: (J=compiled Java code, j=interpreted, Vv=VM code, C=native code)
V  [jvm.dll+0x682a19]
V  [jvm.dll+0x839538]
V  [jvm.dll+0x83afe3]
V  [jvm.dll+0x83b653]
V  [jvm.dll+0x24704f]
V  [jvm.dll+0xad03c]
V  [jvm.dll+0xad4cc]
V  [jvm.dll+0x1dba31]
V  [jvm.dll+0x1dc9ec]
V  [jvm.dll+0x1dbe6e]
V  [jvm.dll+0x1cbaa0]
V  [jvm.dll+0x12659b]
V  [jvm.dll+0x2a9d1c]
V  [jvm.dll+0x2ab9ff]
V  [jvm.dll+0x69afc8]
V  [jvm.dll+0x692d83]
V  [jvm.dll+0x692620]
V  [jvm.dll+0x690442]
V  [jvm.dll+0x1a5f6c]
V  [jvm.dll+0x217038]
V  [jvm.dll+0x1a3070]
V  [jvm.dll+0x22788c]
V  [jvm.dll+0x2259eb]
V  [jvm.dll+0x7eec98]
V  [jvm.dll+0x7e8ffc]
V  [jvm.dll+0x6818f7]
C  [ucrtbase.dll+0x29333]
C  [KERNEL32.DLL+0x1259d]
C  [ntdll.dll+0x5af38]


---------------  P R O C E S S  ---------------

Threads class SMR info:
_java_thread_list=0x000002218474f060, length=22, elements={
0x00000221e8a424b0, 0x00000221fc8c4020, 0x00000221e8ae9750, 0x00000221fc8cdad0,
0x00000221fc8ce5a0, 0x00000221fd925200, 0x00000221fd927cd0, 0x00000221fd92a9d0,
0x00000221fd995730, 0x00000221fd9984f0, 0x00000221e8aa3540, 0x00000221fdc6aef0,
0x00000221fef53070, 0x00000221ff188dc0, 0x0000022184067a50, 0x00000221ff23f4f0,
0x00000221ff221d20, 0x00000221841e2810, 0x00000221841e2300, 0x00000221841df570,
0x00000221841e0ec0, 0x00000221845a0460
}

Java Threads: ( => current thread )
  0x00000221e8a424b0 JavaThread "main" [_thread_blocked, id=20284, stack(0x0000004bfe600000,0x0000004bfe700000)]
  0x00000221fc8c4020 JavaThread "Reference Handler" daemon [_thread_blocked, id=18164, stack(0x0000004bfe900000,0x0000004bfea00000)]
  0x00000221e8ae9750 JavaThread "Finalizer" daemon [_thread_blocked, id=14900, stack(0x0000004bfea00000,0x0000004bfeb00000)]
  0x00000221fc8cdad0 JavaThread "Signal Dispatcher" daemon [_thread_blocked, id=19544, stack(0x0000004bfeb00000,0x0000004bfec00000)]
  0x00000221fc8ce5a0 JavaThread "Attach Listener" daemon [_thread_blocked, id=16680, stack(0x0000004bfec00000,0x0000004bfed00000)]
  0x00000221fd925200 JavaThread "Service Thread" daemon [_thread_blocked, id=18308, stack(0x0000004bfed00000,0x0000004bfee00000)]
  0x00000221fd927cd0 JavaThread "Monitor Deflation Thread" daemon [_thread_blocked, id=8780, stack(0x0000004bfee00000,0x0000004bfef00000)]
  0x00000221fd92a9d0 JavaThread "C2 CompilerThread0" daemon [_thread_in_native, id=22052, stack(0x0000004bfef00000,0x0000004bff000000)]
  0x00000221fd995730 JavaThread "C1 CompilerThread0" daemon [_thread_blocked, id=12960, stack(0x0000004bff000000,0x0000004bff100000)]
  0x00000221fd9984f0 JavaThread "Sweeper thread" daemon [_thread_blocked, id=9848, stack(0x0000004bff100000,0x0000004bff200000)]
  0x00000221e8aa3540 JavaThread "Common-Cleaner" daemon [_thread_blocked, id=19844, stack(0x0000004bff200000,0x0000004bff300000)]
  0x00000221fdc6aef0 JavaThread "Notification Thread" daemon [_thread_blocked, id=16700, stack(0x0000004bff400000,0x0000004bff500000)]
  0x00000221fef53070 JavaThread "Active Thread: Equinox Container: 1e23c88f-64ef-46b1-8363-45526d0f4220" [_thread_blocked, id=1816, stack(0x0000004bffc00000,0x0000004bffd00000)]
  0x00000221ff188dc0 JavaThread "Framework Event Dispatcher: Equinox Container: 1e23c88f-64ef-46b1-8363-45526d0f4220" daemon [_thread_blocked, id=13464, stack(0x0000004bffd00000,0x0000004bffe00000)]
  0x0000022184067a50 JavaThread "Start Level: Equinox Container: 1e23c88f-64ef-46b1-8363-45526d0f4220" daemon [_thread_in_vm, id=13976, stack(0x0000004bffe00000,0x0000004bfff00000)]
  0x00000221ff23f4f0 JavaThread "SCR Component Actor" daemon [_thread_blocked, id=3116, stack(0x0000004bfff00000,0x0000004c00000000)]
  0x00000221ff221d20 JavaThread "SCR Component Registry" daemon [_thread_blocked, id=16928, stack(0x0000004b80000000,0x0000004b80100000)]
  0x00000221841e2810 JavaThread "Worker-JM" [_thread_blocked, id=10124, stack(0x0000004b80100000,0x0000004b80200000)]
  0x00000221841e2300 JavaThread "JNA Cleaner" daemon [_thread_blocked, id=19248, stack(0x0000004b80200000,0x0000004b80300000)]
  0x00000221841df570 JavaThread "Worker-0" [_thread_blocked, id=8068, stack(0x0000004b80300000,0x0000004b80400000)]
  0x00000221841e0ec0 JavaThread "Worker-1" [_thread_blocked, id=16512, stack(0x0000004b80400000,0x0000004b80500000)]
=>0x00000221845a0460 JavaThread "C2 CompilerThread1" daemon [_thread_in_native, id=22016, stack(0x0000004b80500000,0x0000004b80600000)]

Other Threads:
  0x00000221e8ae8d00 VMThread "VM Thread" [stack: 0x0000004bfe800000,0x0000004bfe900000] [id=12748]
  0x00000221fdc6b3d0 WatcherThread [stack: 0x0000004bff500000,0x0000004bff600000] [id=18520]
  0x00000221e8a57910 GCTaskThread "GC Thread#0" [stack: 0x0000004bfe700000,0x0000004bfe800000] [id=3272]
  0x00000221fef03770 GCTaskThread "GC Thread#1" [stack: 0x0000004bff300000,0x0000004bff400000] [id=7024]
  0x0000022184080c60 GCTaskThread "GC Thread#2" [stack: 0x0000004bff600000,0x0000004bff700000] [id=18104]
  0x00000221fdc20240 GCTaskThread "GC Thread#3" [stack: 0x0000004bff700000,0x0000004bff800000] [id=3360]
  0x00000221ff096470 GCTaskThread "GC Thread#4" [stack: 0x0000004bff800000,0x0000004bff900000] [id=22324]
  0x00000221ff096730 GCTaskThread "GC Thread#5" [stack: 0x0000004bff900000,0x0000004bffa00000] [id=3612]
  0x00000221ff0969f0 GCTaskThread "GC Thread#6" [stack: 0x0000004bffa00000,0x0000004bffb00000] [id=17516]
  0x00000221ff21a380 GCTaskThread "GC Thread#7" [stack: 0x0000004bffb00000,0x0000004bffc00000] [id=18116]

Threads with active compile tasks:
C2 CompilerThread0     5232 2423       4       org.lombokweb.asm.ClassReader::readMethod (1066 bytes)
C2 CompilerThread1     5232 2516       4       jdk.internal.module.SystemModuleFinders$SystemModuleReader::find (59 bytes)

VM state: not at safepoint (normal execution)

VM Mutex/Monitor currently owned by a thread:  ([mutex/lock_event])
[0x00000221e8a3d890] Metaspace_lock - owner thread: 0x0000022184067a50

Heap address: 0x00000000c0000000, size: 1024 MB, Compressed Oops mode: 32-bit

CDS archive(s) not mapped
Compressed class space mapped at: 0x0000000100000000-0x0000000140000000, reserved size: 1073741824
Narrow klass base: 0x0000000000000000, Narrow klass shift: 3, Narrow klass range: 0x140000000

GC Precious Log:
 CPUs: 8 total, 8 available
 Memory: 7987M
 Large Page Support: Disabled
 NUMA Support: Disabled
 Compressed Oops: Enabled (32-bit)
 Alignments: Space 512K, Generation 512K, Heap 2M
 Heap Min Capacity: 100M
 Heap Initial Capacity: 100M
 Heap Max Capacity: 1G
 Pre-touch: Disabled
 Parallel Workers: 8

Heap:
 PSYoungGen      total 27136K, used 17858K [0x00000000eab00000, 0x00000000ec900000, 0x0000000100000000)
  eden space 24576K, 62% used [0x00000000eab00000,0x00000000eba05368,0x00000000ec300000)
  from space 2560K, 96% used [0x00000000ec600000,0x00000000ec86b520,0x00000000ec880000)
  to   space 3072K, 0% used [0x00000000ec300000,0x00000000ec300000,0x00000000ec600000)
 ParOldGen       total 68608K, used 7407K [0x00000000c0000000, 0x00000000c4300000, 0x00000000eab00000)
  object space 68608K, 10% used [0x00000000c0000000,0x00000000c073bdd0,0x00000000c4300000)
 Metaspace       used 28863K, committed 29376K, reserved 1114112K
  class space    used 2795K, committed 3008K, reserved 1048576K

Card table byte_map: [0x00000221e83d0000,0x00000221e85e0000] _byte_map_base: 0x00000221e7dd0000

Marking Bits: (ParMarkBitMap*) 0x00007ff9ed1c6940
 Begin Bits: [0x00000221fa6d0000, 0x00000221fb6d0000)
 End Bits:   [0x00000221fb6d0000, 0x00000221fc6d0000)

Polling page: 0x00000221e6970000

Metaspace:

Usage:
  Non-class:     25.46 MB used.
      Class:      2.73 MB used.
       Both:     28.19 MB used.

Virtual space:
  Non-class space:       64.00 MB reserved,      25.75 MB ( 40%) committed,  1 nodes.
      Class space:        1.00 GB reserved,       2.94 MB ( <1%) committed,  1 nodes.
             Both:        1.06 GB reserved,      28.69 MB (  3%) committed. 

Chunk freelists:
   Non-Class:  6.05 MB
       Class:  13.00 MB
        Both:  19.05 MB

MaxMetaspaceSize: unlimited
CompressedClassSpaceSize: 1.00 GB
Initial GC threshold: 21.00 MB
Current GC threshold: 35.00 MB
CDS: off
MetaspaceReclaimPolicy: balanced
 - commit_granule_bytes: 65536.
 - commit_granule_words: 8192.
 - virtual_space_node_default_size: 8388608.
 - enlarge_chunks_in_place: 1.
 - new_chunks_are_fully_committed: 0.
 - uncommit_free_chunks: 1.
 - use_allocation_guard: 0.
 - handle_deallocations: 1.


Internal statistics:

num_allocs_failed_limit: 5.
num_arena_births: 302.
num_arena_deaths: 14.
num_vsnodes_births: 2.
num_vsnodes_deaths: 0.
num_space_committed: 459.
num_space_uncommitted: 0.
num_chunks_returned_to_freelist: 19.
num_chunks_taken_from_freelist: 1095.
num_chunk_merges: 5.
num_chunk_splits: 733.
num_chunks_enlarged: 516.
num_inconsistent_stats: 0.

CodeHeap 'non-profiled nmethods': size=120000Kb used=1031Kb max_used=1031Kb free=118968Kb
 bounds [0x00000221f31a0000, 0x00000221f3410000, 0x00000221fa6d0000]
CodeHeap 'profiled nmethods': size=120000Kb used=4919Kb max_used=4919Kb free=115080Kb
 bounds [0x00000221eb6d0000, 0x00000221ebba0000, 0x00000221f2c00000]
CodeHeap 'non-nmethods': size=5760Kb used=1252Kb max_used=1267Kb free=4507Kb
 bounds [0x00000221f2c00000, 0x00000221f2e70000, 0x00000221f31a0000]
 total_blobs=3078 nmethods=2524 adapters=468
 compilation: enabled
              stopped_count=0, restarted_count=0
 full_count=0

Compilation events (20 events):
Event: 5.115 Thread 0x00000221fd995730 nmethod 2509 0x00000221ebb8fa10 code [0x00000221ebb90040, 0x00000221ebb930b8]
Event: 5.115 Thread 0x00000221fd995730 2511       3       java.net.URL::toString (5 bytes)
Event: 5.115 Thread 0x00000221fd995730 nmethod 2511 0x00000221ebb94110 code [0x00000221ebb942c0, 0x00000221ebb944e8]
Event: 5.115 Thread 0x00000221fd995730 2510       3       sun.net.util.IPAddressUtil::checkExternalForm (70 bytes)
Event: 5.117 Thread 0x00000221fd995730 nmethod 2510 0x00000221ebb94610 code [0x00000221ebb948e0, 0x00000221ebb95518]
Event: 5.135 Thread 0x00000221845a0460 2512       4       org.lombokweb.asm.SymbolTable::addConstantUtf8Reference (20 bytes)
Event: 5.145 Thread 0x00000221845a0460 nmethod 2512 0x00000221f32a0e10 code [0x00000221f32a0fa0, 0x00000221f32a12d8]
Event: 5.145 Thread 0x00000221845a0460 2513       4       org.lombokweb.asm.MethodVisitor::<init> (94 bytes)
Event: 5.146 Thread 0x00000221845a0460 nmethod 2513 0x00000221f32a1590 code [0x00000221f32a1700, 0x00000221f32a17b8]
Event: 5.168 Thread 0x00000221fd995730 2514       3       java.net.URI::toURL (5 bytes)
Event: 5.168 Thread 0x00000221fd995730 nmethod 2514 0x00000221ebb95990 code [0x00000221ebb95b20, 0x00000221ebb95c48]
Event: 5.168 Thread 0x00000221fd995730 2515       3       java.net.URL::fromURI (144 bytes)
Event: 5.170 Thread 0x00000221fd995730 nmethod 2515 0x00000221ebb95d10 code [0x00000221ebb95fe0, 0x00000221ebb96cc8]
Event: 5.176 Thread 0x00000221845a0460 2516       4       jdk.internal.module.SystemModuleFinders$SystemModuleReader::find (59 bytes)
Event: 5.177 Thread 0x00000221fd995730 2520  s!   3       org.eclipse.osgi.util.NLS$MessagesProperties::put (168 bytes)
Event: 5.180 Thread 0x00000221fd995730 nmethod 2520 0x00000221ebb97190 code [0x00000221ebb975e0, 0x00000221ebb99368]
Event: 5.180 Thread 0x00000221fd995730 2521       3       jdk.internal.reflect.UnsafeStaticObjectFieldAccessorImpl::set (54 bytes)
Event: 5.181 Thread 0x00000221fd995730 nmethod 2521 0x00000221ebb99e10 code [0x00000221ebb9a040, 0x00000221ebb9a8a8]
Event: 5.181 Thread 0x00000221fd995730 2522       3       java.lang.reflect.Field::acquireFieldAccessor (59 bytes)
Event: 5.182 Thread 0x00000221fd995730 nmethod 2522 0x00000221ebb9ab90 code [0x00000221ebb9ad80, 0x00000221ebb9b258]

GC Heap History (14 events):
Event: 2.036 GC heap before
{Heap before GC invocations=1 (full 0):
 PSYoungGen      total 29696K, used 25600K [0x00000000eab00000, 0x00000000ecc00000, 0x0000000100000000)
  eden space 25600K, 100% used [0x00000000eab00000,0x00000000ec400000,0x00000000ec400000)
  from space 4096K, 0% used [0x00000000ec800000,0x00000000ec800000,0x00000000ecc00000)
  to   space 4096K, 0% used [0x00000000ec400000,0x00000000ec400000,0x00000000ec800000)
 ParOldGen       total 68608K, used 0K [0x00000000c0000000, 0x00000000c4300000, 0x00000000eab00000)
  object space 68608K, 0% used [0x00000000c0000000,0x00000000c0000000,0x00000000c4300000)
 Metaspace       used 10969K, committed 11200K, reserved 1114112K
  class space    used 1090K, committed 1216K, reserved 1048576K
}
Event: 2.047 GC heap after
{Heap after GC invocations=1 (full 0):
 PSYoungGen      total 29696K, used 3213K [0x00000000eab00000, 0x00000000ecc00000, 0x0000000100000000)
  eden space 25600K, 0% used [0x00000000eab00000,0x00000000eab00000,0x00000000ec400000)
  from space 4096K, 78% used [0x00000000ec400000,0x00000000ec7237b8,0x00000000ec800000)
  to   space 4096K, 0% used [0x00000000ec800000,0x00000000ec800000,0x00000000ecc00000)
 ParOldGen       total 68608K, used 8K [0x00000000c0000000, 0x00000000c4300000, 0x00000000eab00000)
  object space 68608K, 0% used [0x00000000c0000000,0x00000000c0002000,0x00000000c4300000)
 Metaspace       used 10969K, committed 11200K, reserved 1114112K
  class space    used 1090K, committed 1216K, reserved 1048576K
}
Event: 2.982 GC heap before
{Heap before GC invocations=2 (full 0):
 PSYoungGen      total 29696K, used 28813K [0x00000000eab00000, 0x00000000ecc00000, 0x0000000100000000)
  eden space 25600K, 100% used [0x00000000eab00000,0x00000000ec400000,0x00000000ec400000)
  from space 4096K, 78% used [0x00000000ec400000,0x00000000ec7237b8,0x00000000ec800000)
  to   space 4096K, 0% used [0x00000000ec800000,0x00000000ec800000,0x00000000ecc00000)
 ParOldGen       total 68608K, used 8K [0x00000000c0000000, 0x00000000c4300000, 0x00000000eab00000)
  object space 68608K, 0% used [0x00000000c0000000,0x00000000c0002000,0x00000000c4300000)
 Metaspace       used 14744K, committed 15040K, reserved 1114112K
  class space    used 1495K, committed 1664K, reserved 1048576K
}
Event: 2.989 GC heap after
{Heap after GC invocations=2 (full 0):
 PSYoungGen      total 29696K, used 4073K [0x00000000eab00000, 0x00000000ecc00000, 0x0000000100000000)
  eden space 25600K, 0% used [0x00000000eab00000,0x00000000eab00000,0x00000000ec400000)
  from space 4096K, 99% used [0x00000000ec800000,0x00000000ecbfa7e0,0x00000000ecc00000)
  to   space 4096K, 0% used [0x00000000ec400000,0x00000000ec400000,0x00000000ec800000)
 ParOldGen       total 68608K, used 873K [0x00000000c0000000, 0x00000000c4300000, 0x00000000eab00000)
  object space 68608K, 1% used [0x00000000c0000000,0x00000000c00da6e8,0x00000000c4300000)
 Metaspace       used 14744K, committed 15040K, reserved 1114112K
  class space    used 1495K, committed 1664K, reserved 1048576K
}
Event: 3.580 GC heap before
{Heap before GC invocations=3 (full 0):
 PSYoungGen      total 29696K, used 29673K [0x00000000eab00000, 0x00000000ecc00000, 0x0000000100000000)
  eden space 25600K, 100% used [0x00000000eab00000,0x00000000ec400000,0x00000000ec400000)
  from space 4096K, 99% used [0x00000000ec800000,0x00000000ecbfa7e0,0x00000000ecc00000)
  to   space 4096K, 0% used [0x00000000ec400000,0x00000000ec400000,0x00000000ec800000)
 ParOldGen       total 68608K, used 873K [0x00000000c0000000, 0x00000000c4300000, 0x00000000eab00000)
  object space 68608K, 1% used [0x00000000c0000000,0x00000000c00da6e8,0x00000000c4300000)
 Metaspace       used 19704K, committed 20096K, reserved 1114112K
  class space    used 2012K, committed 2176K, reserved 1048576K
}
Event: 3.585 GC heap after
{Heap after GC invocations=3 (full 0):
 PSYoungGen      total 29696K, used 4067K [0x00000000eab00000, 0x00000000ecc00000, 0x0000000100000000)
  eden space 25600K, 0% used [0x00000000eab00000,0x00000000eab00000,0x00000000ec400000)
  from space 4096K, 99% used [0x00000000ec400000,0x00000000ec7f8c10,0x00000000ec800000)
  to   space 4096K, 0% used [0x00000000ec800000,0x00000000ec800000,0x00000000ecc00000)
 ParOldGen       total 68608K, used 2824K [0x00000000c0000000, 0x00000000c4300000, 0x00000000eab00000)
  object space 68608K, 4% used [0x00000000c0000000,0x00000000c02c2248,0x00000000c4300000)
 Metaspace       used 19704K, committed 20096K, reserved 1114112K
  class space    used 2012K, committed 2176K, reserved 1048576K
}
Event: 3.850 GC heap before
{Heap before GC invocations=4 (full 0):
 PSYoungGen      total 29696K, used 11956K [0x00000000eab00000, 0x00000000ecc00000, 0x0000000100000000)
  eden space 25600K, 30% used [0x00000000eab00000,0x00000000eb2b4558,0x00000000ec400000)
  from space 4096K, 99% used [0x00000000ec400000,0x00000000ec7f8c10,0x00000000ec800000)
  to   space 4096K, 0% used [0x00000000ec800000,0x00000000ec800000,0x00000000ecc00000)
 ParOldGen       total 68608K, used 2824K [0x00000000c0000000, 0x00000000c4300000, 0x00000000eab00000)
  object space 68608K, 4% used [0x00000000c0000000,0x00000000c02c2248,0x00000000c4300000)
 Metaspace       used 21095K, committed 21504K, reserved 1114112K
  class space    used 2153K, committed 2368K, reserved 1048576K
}
Event: 3.854 GC heap after
{Heap after GC invocations=4 (full 0):
 PSYoungGen      total 29696K, used 4093K [0x00000000eab00000, 0x00000000ecc00000, 0x0000000100000000)
  eden space 25600K, 0% used [0x00000000eab00000,0x00000000eab00000,0x00000000ec400000)
  from space 4096K, 99% used [0x00000000ec800000,0x00000000ecbff628,0x00000000ecc00000)
  to   space 4096K, 0% used [0x00000000ec400000,0x00000000ec400000,0x00000000ec800000)
 ParOldGen       total 68608K, used 3448K [0x00000000c0000000, 0x00000000c4300000, 0x00000000eab00000)
  object space 68608K, 5% used [0x00000000c0000000,0x00000000c035e268,0x00000000c4300000)
 Metaspace       used 21095K, committed 21504K, reserved 1114112K
  class space    used 2153K, committed 2368K, reserved 1048576K
}
Event: 3.854 GC heap before
{Heap before GC invocations=5 (full 1):
 PSYoungGen      total 29696K, used 4093K [0x00000000eab00000, 0x00000000ecc00000, 0x0000000100000000)
  eden space 25600K, 0% used [0x00000000eab00000,0x00000000eab00000,0x00000000ec400000)
  from space 4096K, 99% used [0x00000000ec800000,0x00000000ecbff628,0x00000000ecc00000)
  to   space 4096K, 0% used [0x00000000ec400000,0x00000000ec400000,0x00000000ec800000)
 ParOldGen       total 68608K, used 3448K [0x00000000c0000000, 0x00000000c4300000, 0x00000000eab00000)
  object space 68608K, 5% used [0x00000000c0000000,0x00000000c035e268,0x00000000c4300000)
 Metaspace       used 21095K, committed 21504K, reserved 1114112K
  class space    used 2153K, committed 2368K, reserved 1048576K
}
Event: 3.878 GC heap after
{Heap after GC invocations=5 (full 1):
 PSYoungGen      total 29696K, used 0K [0x00000000eab00000, 0x00000000ecc00000, 0x0000000100000000)
  eden space 25600K, 0% used [0x00000000eab00000,0x00000000eab00000,0x00000000ec400000)
  from space 4096K, 0% used [0x00000000ec800000,0x00000000ec800000,0x00000000ecc00000)
  to   space 4096K, 0% used [0x00000000ec400000,0x00000000ec400000,0x00000000ec800000)
 ParOldGen       total 68608K, used 7391K [0x00000000c0000000, 0x00000000c4300000, 0x00000000eab00000)
  object space 68608K, 10% used [0x00000000c0000000,0x00000000c0737dd0,0x00000000c4300000)
 Metaspace       used 21082K, committed 21504K, reserved 1114112K
  class space    used 2150K, committed 2368K, reserved 1048576K
}
Event: 4.544 GC heap before
{Heap before GC invocations=6 (full 1):
 PSYoungGen      total 29696K, used 25600K [0x00000000eab00000, 0x00000000ecc00000, 0x0000000100000000)
  eden space 25600K, 100% used [0x00000000eab00000,0x00000000ec400000,0x00000000ec400000)
  from space 4096K, 0% used [0x00000000ec800000,0x00000000ec800000,0x00000000ecc00000)
  to   space 4096K, 0% used [0x00000000ec400000,0x00000000ec400000,0x00000000ec800000)
 ParOldGen       total 68608K, used 7391K [0x00000000c0000000, 0x00000000c4300000, 0x00000000eab00000)
  object space 68608K, 10% used [0x00000000c0000000,0x00000000c0737dd0,0x00000000c4300000)
 Metaspace       used 24017K, committed 24576K, reserved 1114112K
  class space    used 2442K, committed 2688K, reserved 1048576K
}
Event: 4.546 GC heap after
{Heap after GC invocations=6 (full 1):
 PSYoungGen      total 26112K, used 612K [0x00000000eab00000, 0x00000000ec880000, 0x0000000100000000)
  eden space 25088K, 0% used [0x00000000eab00000,0x00000000eab00000,0x00000000ec380000)
  from space 1024K, 59% used [0x00000000ec400000,0x00000000ec499270,0x00000000ec500000)
  to   space 2560K, 0% used [0x00000000ec600000,0x00000000ec600000,0x00000000ec880000)
 ParOldGen       total 68608K, used 7399K [0x00000000c0000000, 0x00000000c4300000, 0x00000000eab00000)
  object space 68608K, 10% used [0x00000000c0000000,0x00000000c0739dd0,0x00000000c4300000)
 Metaspace       used 24017K, committed 24576K, reserved 1114112K
  class space    used 2442K, committed 2688K, reserved 1048576K
}
Event: 4.897 GC heap before
{Heap before GC invocations=7 (full 1):
 PSYoungGen      total 26112K, used 25700K [0x00000000eab00000, 0x00000000ec880000, 0x0000000100000000)
  eden space 25088K, 100% used [0x00000000eab00000,0x00000000ec380000,0x00000000ec380000)
  from space 1024K, 59% used [0x00000000ec400000,0x00000000ec499270,0x00000000ec500000)
  to   space 2560K, 0% used [0x00000000ec600000,0x00000000ec600000,0x00000000ec880000)
 ParOldGen       total 68608K, used 7399K [0x00000000c0000000, 0x00000000c4300000, 0x00000000eab00000)
  object space 68608K, 10% used [0x00000000c0000000,0x00000000c0739dd0,0x00000000c4300000)
 Metaspace       used 27867K, committed 28416K, reserved 1114112K
  class space    used 2712K, committed 2944K, reserved 1048576K
}
Event: 4.899 GC heap after
{Heap after GC invocations=7 (full 1):
 PSYoungGen      total 27136K, used 2477K [0x00000000eab00000, 0x00000000ec900000, 0x0000000100000000)
  eden space 24576K, 0% used [0x00000000eab00000,0x00000000eab00000,0x00000000ec300000)
  from space 2560K, 96% used [0x00000000ec600000,0x00000000ec86b520,0x00000000ec880000)
  to   space 3072K, 0% used [0x00000000ec300000,0x00000000ec300000,0x00000000ec600000)
 ParOldGen       total 68608K, used 7407K [0x00000000c0000000, 0x00000000c4300000, 0x00000000eab00000)
  object space 68608K, 10% used [0x00000000c0000000,0x00000000c073bdd0,0x00000000c4300000)
 Metaspace       used 27867K, committed 28416K, reserved 1114112K
  class space    used 2712K, committed 2944K, reserved 1048576K
}

Dll operation events (10 events):
Event: 0.033 Loaded shared library c:\Users\Kiet\.vscode\extensions\redhat.java-1.37.0-win32-x64\jre\17.0.13-win32-x86_64\bin\java.dll
Event: 0.491 Loaded shared library c:\Users\Kiet\.vscode\extensions\redhat.java-1.37.0-win32-x64\jre\17.0.13-win32-x86_64\bin\zip.dll
Event: 0.496 Loaded shared library C:\Users\Kiet\.vscode\extensions\redhat.java-1.37.0-win32-x64\jre\17.0.13-win32-x86_64\bin\instrument.dll
Event: 0.522 Loaded shared library C:\Users\Kiet\.vscode\extensions\redhat.java-1.37.0-win32-x64\jre\17.0.13-win32-x86_64\bin\net.dll
Event: 0.525 Loaded shared library C:\Users\Kiet\.vscode\extensions\redhat.java-1.37.0-win32-x64\jre\17.0.13-win32-x86_64\bin\nio.dll
Event: 0.554 Loaded shared library C:\Users\Kiet\.vscode\extensions\redhat.java-1.37.0-win32-x64\jre\17.0.13-win32-x86_64\bin\zip.dll
Event: 0.619 Loaded shared library C:\Users\Kiet\.vscode\extensions\redhat.java-1.37.0-win32-x64\jre\17.0.13-win32-x86_64\bin\jimage.dll
Event: 0.766 Loaded shared library c:\Users\Kiet\.vscode\extensions\redhat.java-1.37.0-win32-x64\jre\17.0.13-win32-x86_64\bin\verify.dll
Event: 2.789 Loaded shared library C:\Users\Kiet\AppData\Roaming\Code\User\globalStorage\redhat.java\1.37.0\config_ss_win\org.eclipse.equinox.launcher\org.eclipse.equinox.launcher.win32.win32.x86_64_1.2.1100.v20240722-2106\eclipse_11904.dll
Event: 4.094 Loaded shared library C:\Users\Kiet\AppData\Local\Temp\jna-2338477\jna17706207482648421724.dll

Deoptimization events (20 events):
Event: 4.980 Thread 0x0000022184067a50 DEOPT PACKING pc=0x00000221eb7c4b13 sp=0x0000004bffef7dd0
Event: 4.980 Thread 0x0000022184067a50 DEOPT UNPACKING pc=0x00000221f2c5a9e3 sp=0x0000004bffef72f0 mode 0
Event: 5.016 Thread 0x0000022184067a50 Uncommon trap: trap_request=0xffffff45 fr.pc=0x00000221f321ad68 relative=0x00000000000017c8
Event: 5.016 Thread 0x0000022184067a50 Uncommon trap: reason=unstable_if action=reinterpret pc=0x00000221f321ad68 method=jdk.internal.jimage.ImageLocation.verifyName(Ljava/lang/String;Ljava/lang/String;IIIIIILjdk/internal/jimage/ImageStrings;)Z @ 2 c2
Event: 5.016 Thread 0x0000022184067a50 DEOPT PACKING pc=0x00000221f321ad68 sp=0x0000004bffef43e0
Event: 5.017 Thread 0x0000022184067a50 DEOPT UNPACKING pc=0x00000221f2c59ea3 sp=0x0000004bffef42d8 mode 2
Event: 5.180 Thread 0x0000022184067a50 DEOPT PACKING pc=0x00000221eb7bc08e sp=0x0000004bffef7d90
Event: 5.180 Thread 0x0000022184067a50 DEOPT UNPACKING pc=0x00000221f2c5a9e3 sp=0x0000004bffef7288 mode 0
Event: 5.181 Thread 0x0000022184067a50 DEOPT PACKING pc=0x00000221eb7bc08e sp=0x0000004bffef7d90
Event: 5.181 Thread 0x0000022184067a50 DEOPT UNPACKING pc=0x00000221f2c5a9e3 sp=0x0000004bffef7288 mode 0
Event: 5.183 Thread 0x0000022184067a50 DEOPT PACKING pc=0x00000221eb7bc08e sp=0x0000004bffef7d90
Event: 5.183 Thread 0x0000022184067a50 DEOPT UNPACKING pc=0x00000221f2c5a9e3 sp=0x0000004bffef7288 mode 0
Event: 5.183 Thread 0x0000022184067a50 Uncommon trap: trap_request=0xffffffc6 fr.pc=0x00000221f322f024 relative=0x0000000000000964
Event: 5.183 Thread 0x0000022184067a50 Uncommon trap: reason=bimorphic_or_optimized_type_check action=maybe_recompile pc=0x00000221f322f024 method=java.util.HashMap.putVal(ILjava/lang/Object;Ljava/lang/Object;ZZ)Ljava/lang/Object; @ 56 c2
Event: 5.183 Thread 0x0000022184067a50 DEOPT PACKING pc=0x00000221f322f024 sp=0x0000004bffef9790
Event: 5.183 Thread 0x0000022184067a50 DEOPT UNPACKING pc=0x00000221f2c59ea3 sp=0x0000004bffef96e8 mode 2
Event: 5.184 Thread 0x0000022184067a50 Uncommon trap: trap_request=0xffffffc6 fr.pc=0x00000221f322f0ac relative=0x00000000000009ec
Event: 5.184 Thread 0x0000022184067a50 Uncommon trap: reason=bimorphic_or_optimized_type_check action=maybe_recompile pc=0x00000221f322f0ac method=java.util.HashMap.putVal(ILjava/lang/Object;Ljava/lang/Object;ZZ)Ljava/lang/Object; @ 253 c2
Event: 5.184 Thread 0x0000022184067a50 DEOPT PACKING pc=0x00000221f322f0ac sp=0x0000004bffef96e0
Event: 5.184 Thread 0x0000022184067a50 DEOPT UNPACKING pc=0x00000221f2c59ea3 sp=0x0000004bffef9660 mode 2

Classes loaded (20 events):
Event: 4.375 Loading class java/util/zip/GZIPOutputStream
Event: 4.375 Loading class java/util/zip/GZIPOutputStream done
Event: 4.379 Loading class java/net/SocketTimeoutException
Event: 4.379 Loading class java/io/InterruptedIOException
Event: 4.379 Loading class java/io/InterruptedIOException done
Event: 4.379 Loading class java/net/SocketTimeoutException done
Event: 4.379 Loading class java/net/SocketException
Event: 4.380 Loading class java/net/SocketException done
Event: 4.380 Loading class java/net/UnknownHostException
Event: 4.380 Loading class java/net/UnknownHostException done
Event: 4.380 Loading class java/net/ProtocolException
Event: 4.380 Loading class java/net/ProtocolException done
Event: 4.402 Loading class java/lang/ThreadLocal$SuppliedThreadLocal
Event: 4.402 Loading class java/lang/ThreadLocal$SuppliedThreadLocal done
Event: 4.490 Loading class java/io/FileWriter
Event: 4.490 Loading class java/io/FileWriter done
Event: 4.492 Loading class java/lang/NegativeArraySizeException
Event: 4.492 Loading class java/lang/NegativeArraySizeException done
Event: 4.943 Loading class org/w3c/dom/DOMException
Event: 4.943 Loading class org/w3c/dom/DOMException done

Classes unloaded (7 events):
Event: 3.859 Thread 0x00000221e8ae8d00 Unloading class 0x0000000100212400 'java/lang/invoke/LambdaForm$MH+0x0000000100212400'
Event: 3.859 Thread 0x00000221e8ae8d00 Unloading class 0x0000000100212000 'java/lang/invoke/LambdaForm$MH+0x0000000100212000'
Event: 3.859 Thread 0x00000221e8ae8d00 Unloading class 0x0000000100211c00 'java/lang/invoke/LambdaForm$MH+0x0000000100211c00'
Event: 3.859 Thread 0x00000221e8ae8d00 Unloading class 0x0000000100211800 'java/lang/invoke/LambdaForm$MH+0x0000000100211800'
Event: 3.859 Thread 0x00000221e8ae8d00 Unloading class 0x0000000100211400 'java/lang/invoke/LambdaForm$BMH+0x0000000100211400'
Event: 3.859 Thread 0x00000221e8ae8d00 Unloading class 0x0000000100211000 'java/lang/invoke/LambdaForm$DMH+0x0000000100211000'
Event: 3.859 Thread 0x00000221e8ae8d00 Unloading class 0x000000010020c400 'java/lang/invoke/LambdaForm$DMH+0x000000010020c400'

Classes redefined (0 events):
No events

Internal exceptions (20 events):
Event: 3.579 Thread 0x0000022184067a50 Exception <a 'java/io/FileNotFoundException'{0x00000000ec3f3480}> (0x00000000ec3f3480) 
thrown [s\src\hotspot\share\prims\jni.cpp, line 516]
Event: 3.579 Thread 0x0000022184067a50 Exception <a 'java/io/FileNotFoundException'{0x00000000ec3fac38}> (0x00000000ec3fac38) 
thrown [s\src\hotspot\share\prims\jni.cpp, line 516]
Event: 3.681 Thread 0x0000022184067a50 Exception <a 'java/lang/NoSuchMethodError'{0x00000000eae2a598}: 'java.lang.Object java.lang.invoke.DirectMethodHandle$Holder.newInvokeSpecial(java.lang.Object, java.lang.Object, java.lang.Object, java.lang.Object, java.lang.Object)'> (0x00000000eae2a598) 
thrown [s\src\hotspot\share\interpreter\linkResolver.cpp, line 759]
Event: 3.776 Thread 0x0000022184067a50 Exception <a 'java/lang/NoSuchMethodError'{0x00000000eb06d210}: 'java.lang.Object java.lang.invoke.DirectMethodHandle$Holder.invokeStaticInit(java.lang.Object, int)'> (0x00000000eb06d210) 
thrown [s\src\hotspot\share\interpreter\linkResolver.cpp, line 759]
Event: 3.896 Thread 0x0000022184067a50 Exception <a 'java/lang/NoSuchMethodError'{0x00000000eac07280}: 'java.lang.Object java.lang.invoke.DirectMethodHandle$Holder.invokeStaticInit(java.lang.Object, int, int, int, int)'> (0x00000000eac07280) 
thrown [s\src\hotspot\share\interpreter\linkResolver.cpp, line 759]
Event: 3.963 Thread 0x0000022184067a50 Exception <a 'java/lang/NoSuchMethodError'{0x00000000eaccb710}: 'java.lang.Object java.lang.invoke.DirectMethodHandle$Holder.invokeStaticInit(java.lang.Object, java.lang.Object, int, int, int, int)'> (0x00000000eaccb710) 
thrown [s\src\hotspot\share\interpreter\linkResolver.cpp, line 759]
Event: 4.199 Thread 0x0000022184067a50 Exception <a 'java/lang/NoSuchMethodError'{0x00000000eafce1c8}: 'java.lang.Object java.lang.invoke.DirectMethodHandle$Holder.invokeSpecial(java.lang.Object, java.lang.Object, java.lang.Object, long, java.lang.Object)'> (0x00000000eafce1c8) 
thrown [s\src\hotspot\share\interpreter\linkResolver.cpp, line 759]
Event: 4.203 Thread 0x0000022184067a50 Exception <a 'java/lang/NoSuchMethodError'{0x00000000eafd6380}: 'java.lang.Object java.lang.invoke.DirectMethodHandle$Holder.newInvokeSpecial(java.lang.Object, java.lang.Object, java.lang.Object, long)'> (0x00000000eafd6380) 
thrown [s\src\hotspot\share\interpreter\linkResolver.cpp, line 759]
Event: 4.206 Thread 0x0000022184067a50 Exception <a 'java/lang/NoSuchMethodError'{0x00000000eafda920}: 'java.lang.Object java.lang.invoke.DirectMethodHandle$Holder.invokeSpecial(java.lang.Object, java.lang.Object, java.lang.Object, java.lang.Object, long)'> (0x00000000eafda920) 
thrown [s\src\hotspot\share\interpreter\linkResolver.cpp, line 759]
Event: 4.206 Thread 0x0000022184067a50 Exception <a 'java/lang/NoSuchMethodError'{0x00000000eafde798}: 'java.lang.Object java.lang.invoke.Invokers$Holder.linkToTargetMethod(java.lang.Object, java.lang.Object, long, java.lang.Object)'> (0x00000000eafde798) 
thrown [s\src\hotspot\share\interpreter\linkResolver.cpp, line 759]
Event: 4.225 Thread 0x0000022184067a50 Exception <a 'java/lang/NoSuchMethodError'{0x00000000eb032638}: 'int java.lang.invoke.DirectMethodHandle$Holder.invokeStaticInit(java.lang.Object, java.lang.Object, java.lang.Object)'> (0x00000000eb032638) 
thrown [s\src\hotspot\share\interpreter\linkResolver.cpp, line 759]
Event: 4.238 Thread 0x0000022184067a50 Exception <a 'java/lang/IncompatibleClassChangeError'{0x00000000eb0d60c8}: Found class java.lang.Object, but interface was expected> (0x00000000eb0d60c8) 
thrown [s\src\hotspot\share\interpreter\linkResolver.cpp, line 826]
Event: 4.254 Thread 0x0000022184067a50 Exception <a 'java/lang/NoSuchMethodError'{0x00000000eb0eb2e0}: 'java.lang.Object java.lang.invoke.DirectMethodHandle$Holder.invokeSpecial(java.lang.Object, java.lang.Object, java.lang.Object, int, java.lang.Object, java.lang.Object)'> (0x00000000eb0eb2e0) 
thrown [s\src\hotspot\share\interpreter\linkResolver.cpp, line 759]
Event: 4.256 Thread 0x0000022184067a50 Exception <a 'java/lang/NoSuchMethodError'{0x00000000eb0f3d70}: 'java.lang.Object java.lang.invoke.DirectMethodHandle$Holder.newInvokeSpecial(java.lang.Object, java.lang.Object, java.lang.Object, int, java.lang.Object)'> (0x00000000eb0f3d70) 
thrown [s\src\hotspot\share\interpreter\linkResolver.cpp, line 759]
Event: 4.258 Thread 0x0000022184067a50 Exception <a 'java/lang/NoSuchMethodError'{0x00000000eb0f81c8}: 'java.lang.Object java.lang.invoke.DirectMethodHandle$Holder.invokeSpecial(java.lang.Object, java.lang.Object, java.lang.Object, java.lang.Object, int, java.lang.Object)'> (0x00000000eb0f81c8) 
thrown [s\src\hotspot\share\interpreter\linkResolver.cpp, line 759]
Event: 4.264 Thread 0x00000221841df570 Exception <a 'java/lang/NoSuchMethodError'{0x00000000eb041218}: 'java.lang.Object java.lang.invoke.DirectMethodHandle$Holder.invokeSpecial(java.lang.Object, java.lang.Object, int, java.lang.Object, java.lang.Object)'> (0x00000000eb041218) 
thrown [s\src\hotspot\share\interpreter\linkResolver.cpp, line 759]
Event: 4.265 Thread 0x00000221841df570 Exception <a 'java/lang/NoSuchMethodError'{0x00000000eb0488e8}: 'java.lang.Object java.lang.invoke.DirectMethodHandle$Holder.newInvokeSpecial(java.lang.Object, java.lang.Object, int, java.lang.Object)'> (0x00000000eb0488e8) 
thrown [s\src\hotspot\share\interpreter\linkResolver.cpp, line 759]
Event: 4.266 Thread 0x00000221841df570 Exception <a 'java/lang/NoSuchMethodError'{0x00000000eb04c3f8}: 'java.lang.Object java.lang.invoke.DirectMethodHandle$Holder.invokeSpecial(java.lang.Object, java.lang.Object, java.lang.Object, int, java.lang.Object)'> (0x00000000eb04c3f8) 
thrown [s\src\hotspot\share\interpreter\linkResolver.cpp, line 759]
Event: 4.334 Thread 0x0000022184067a50 Exception <a 'java/lang/NoSuchMethodError'{0x00000000eb346238}: 'double java.lang.invoke.DirectMethodHandle$Holder.invokeStatic(java.lang.Object, java.lang.Object)'> (0x00000000eb346238) 
thrown [s\src\hotspot\share\interpreter\linkResolver.cpp, line 759]
Event: 4.334 Thread 0x0000022184067a50 Exception <a 'java/lang/NoSuchMethodError'{0x00000000eb349b50}: 'double java.lang.invoke.DirectMethodHandle$Holder.invokeStaticInit(java.lang.Object, java.lang.Object)'> (0x00000000eb349b50) 
thrown [s\src\hotspot\share\interpreter\linkResolver.cpp, line 759]

VM Operations (20 events):
Event: 3.349 Executing VM operation: HandshakeAllThreads
Event: 3.349 Executing VM operation: HandshakeAllThreads done
Event: 3.493 Executing VM operation: HandshakeAllThreads
Event: 3.493 Executing VM operation: HandshakeAllThreads done
Event: 3.580 Executing VM operation: ParallelGCFailedAllocation
Event: 3.585 Executing VM operation: ParallelGCFailedAllocation done
Event: 3.850 Executing VM operation: CollectForMetadataAllocation
Event: 3.879 Executing VM operation: CollectForMetadataAllocation done
Event: 3.879 Executing VM operation: CollectForMetadataAllocation
Event: 3.879 Executing VM operation: CollectForMetadataAllocation done
Event: 3.909 Executing VM operation: HandshakeAllThreads
Event: 3.909 Executing VM operation: HandshakeAllThreads done
Event: 4.107 Executing VM operation: HandshakeAllThreads
Event: 4.107 Executing VM operation: HandshakeAllThreads done
Event: 4.544 Executing VM operation: ParallelGCFailedAllocation
Event: 4.546 Executing VM operation: ParallelGCFailedAllocation done
Event: 4.897 Executing VM operation: ParallelGCFailedAllocation
Event: 4.900 Executing VM operation: ParallelGCFailedAllocation done
Event: 5.171 Executing VM operation: HandshakeAllThreads
Event: 5.171 Executing VM operation: HandshakeAllThreads done

Memory protections (0 events):
No events

Nmethod flushes (0 events):
No events

Events (20 events):
Event: 0.259 Thread 0x00000221e8a424b0 Thread added: 0x00000221fd995730
Event: 0.260 Thread 0x00000221e8a424b0 Thread added: 0x00000221fd9984f0
Event: 0.403 Thread 0x00000221e8a424b0 Thread added: 0x00000221e8aa3540
Event: 0.761 Thread 0x00000221fd92a9d0 Thread added: 0x00000221fdc1fa30
Event: 1.050 Thread 0x00000221e8a424b0 Thread added: 0x00000221fdc6aef0
Event: 1.947 Thread 0x00000221fdc1fa30 Thread exited: 0x00000221fdc1fa30
Event: 2.193 Thread 0x00000221fd995730 Thread added: 0x00000221ff0ee920
Event: 2.451 Thread 0x00000221e8a424b0 Thread added: 0x00000221fef53070
Event: 2.779 Thread 0x00000221e8a424b0 Thread added: 0x00000221ff188dc0
Event: 2.786 Thread 0x00000221e8a424b0 Thread added: 0x0000022184067a50
Event: 2.864 Thread 0x0000022184067a50 Thread added: 0x00000221ff23f4f0
Event: 2.947 Thread 0x00000221ff0ee920 Thread exited: 0x00000221ff0ee920
Event: 3.061 Thread 0x0000022184067a50 Thread added: 0x00000221ff221d20
Event: 3.388 Thread 0x0000022184067a50 Thread added: 0x00000221841e2810
Event: 4.125 Thread 0x0000022184067a50 Thread added: 0x00000221841e2300
Event: 4.215 Thread 0x0000022184067a50 Thread added: 0x00000221841df570
Event: 4.269 Thread 0x0000022184067a50 Thread added: 0x00000221841e0ec0
Event: 4.448 Thread 0x00000221fd995730 Thread added: 0x00000221844bd1c0
Event: 4.597 Thread 0x00000221844bd1c0 Thread exited: 0x00000221844bd1c0
Event: 4.826 Thread 0x00000221fd995730 Thread added: 0x00000221845a0460


Dynamic libraries:
0x00007ff6d9380000 - 0x00007ff6d938e000 	c:\Users\Kiet\.vscode\extensions\redhat.java-1.37.0-win32-x64\jre\17.0.13-win32-x86_64\bin\java.exe
0x00007ffa61770000 - 0x00007ffa61987000 	C:\WINDOWS\SYSTEM32\ntdll.dll
0x00007ffa60d50000 - 0x00007ffa60e14000 	C:\WINDOWS\System32\KERNEL32.DLL
0x00007ffa5ed30000 - 0x00007ffa5f0e9000 	C:\WINDOWS\System32\KERNELBASE.dll
0x00007ffa5f2d0000 - 0x00007ffa5f3e1000 	C:\WINDOWS\System32\ucrtbase.dll
0x00007ffa5a9c0000 - 0x00007ffa5a9d7000 	c:\Users\Kiet\.vscode\extensions\redhat.java-1.37.0-win32-x64\jre\17.0.13-win32-x86_64\bin\jli.dll
0x00007ffa60880000 - 0x00007ffa60a2e000 	C:\WINDOWS\System32\USER32.dll
0x00007ffa5eb60000 - 0x00007ffa5eb86000 	C:\WINDOWS\System32\win32u.dll
0x00007ffa5f6b0000 - 0x00007ffa5f6d9000 	C:\WINDOWS\System32\GDI32.dll
0x00007ffa5f1b0000 - 0x00007ffa5f2cb000 	C:\WINDOWS\System32\gdi32full.dll
0x00007ffa5f3f0000 - 0x00007ffa5f48a000 	C:\WINDOWS\System32\msvcp_win.dll
0x00007ffa4e590000 - 0x00007ffa4e5ae000 	c:\Users\Kiet\.vscode\extensions\redhat.java-1.37.0-win32-x64\jre\17.0.13-win32-x86_64\bin\VCRUNTIME140.dll
0x00007ffa450e0000 - 0x00007ffa45372000 	C:\WINDOWS\WinSxS\amd64_microsoft.windows.common-controls_6595b64144ccf1df_6.0.22621.4391_none_2715d37f73803e96\COMCTL32.dll
0x00007ffa60ca0000 - 0x00007ffa60d47000 	C:\WINDOWS\System32\msvcrt.dll
0x00007ffa5ffc0000 - 0x00007ffa5fff1000 	C:\WINDOWS\System32\IMM32.DLL
0x00007ffa5aed0000 - 0x00007ffa5aedc000 	c:\Users\Kiet\.vscode\extensions\redhat.java-1.37.0-win32-x64\jre\17.0.13-win32-x86_64\bin\vcruntime140_1.dll
0x00007ffa38f30000 - 0x00007ffa38fbd000 	c:\Users\Kiet\.vscode\extensions\redhat.java-1.37.0-win32-x64\jre\17.0.13-win32-x86_64\bin\msvcp140.dll
0x00007ff9ec620000 - 0x00007ff9ed28b000 	c:\Users\Kiet\.vscode\extensions\redhat.java-1.37.0-win32-x64\jre\17.0.13-win32-x86_64\bin\server\jvm.dll
0x00007ffa5faf0000 - 0x00007ffa5fba2000 	C:\WINDOWS\System32\ADVAPI32.dll
0x00007ffa615f0000 - 0x00007ffa61697000 	C:\WINDOWS\System32\sechost.dll
0x00007ffa5eb90000 - 0x00007ffa5ebb8000 	C:\WINDOWS\System32\bcrypt.dll
0x00007ffa5f490000 - 0x00007ffa5f5a4000 	C:\WINDOWS\System32\RPCRT4.dll
0x00007ffa610d0000 - 0x00007ffa61141000 	C:\WINDOWS\System32\WS2_32.dll
0x00007ffa5e940000 - 0x00007ffa5e98d000 	C:\WINDOWS\SYSTEM32\POWRPROF.dll
0x00007ffa5a750000 - 0x00007ffa5a784000 	C:\WINDOWS\SYSTEM32\WINMM.dll
0x00007ffa5a740000 - 0x00007ffa5a74a000 	C:\WINDOWS\SYSTEM32\VERSION.dll
0x00007ffa5e920000 - 0x00007ffa5e933000 	C:\WINDOWS\SYSTEM32\UMPDC.dll
0x00007ffa5dab0000 - 0x00007ffa5dac8000 	C:\WINDOWS\SYSTEM32\kernel.appcore.dll
0x00007ffa475c0000 - 0x00007ffa475ca000 	c:\Users\Kiet\.vscode\extensions\redhat.java-1.37.0-win32-x64\jre\17.0.13-win32-x86_64\bin\jimage.dll
0x00007ffa5c2d0000 - 0x00007ffa5c502000 	C:\WINDOWS\SYSTEM32\DBGHELP.DLL
0x00007ffa5f760000 - 0x00007ffa5faef000 	C:\WINDOWS\System32\combase.dll
0x00007ffa5fc20000 - 0x00007ffa5fcf7000 	C:\WINDOWS\System32\OLEAUT32.dll
0x00007ffa4a370000 - 0x00007ffa4a3a2000 	C:\WINDOWS\SYSTEM32\dbgcore.DLL
0x00007ffa5ea70000 - 0x00007ffa5eaeb000 	C:\WINDOWS\System32\bcryptPrimitives.dll
0x00007ffa46950000 - 0x00007ffa4695e000 	c:\Users\Kiet\.vscode\extensions\redhat.java-1.37.0-win32-x64\jre\17.0.13-win32-x86_64\bin\instrument.dll
0x00007ffa3b640000 - 0x00007ffa3b665000 	c:\Users\Kiet\.vscode\extensions\redhat.java-1.37.0-win32-x64\jre\17.0.13-win32-x86_64\bin\java.dll
0x00007ffa3c8f0000 - 0x00007ffa3c908000 	c:\Users\Kiet\.vscode\extensions\redhat.java-1.37.0-win32-x64\jre\17.0.13-win32-x86_64\bin\zip.dll
0x00007ffa60000000 - 0x00007ffa60876000 	C:\WINDOWS\System32\SHELL32.dll
0x00007ffa5c9b0000 - 0x00007ffa5d2b3000 	C:\WINDOWS\SYSTEM32\windows.storage.dll
0x00007ffa5c870000 - 0x00007ffa5c9af000 	C:\WINDOWS\SYSTEM32\wintypes.dll
0x00007ffa5f5b0000 - 0x00007ffa5f6a9000 	C:\WINDOWS\System32\SHCORE.dll
0x00007ffa60e90000 - 0x00007ffa60eee000 	C:\WINDOWS\System32\shlwapi.dll
0x00007ffa5e9a0000 - 0x00007ffa5e9cb000 	C:\WINDOWS\SYSTEM32\profapi.dll
0x00007ffa3ac60000 - 0x00007ffa3ac79000 	C:\Users\Kiet\.vscode\extensions\redhat.java-1.37.0-win32-x64\jre\17.0.13-win32-x86_64\bin\net.dll
0x00007ffa584f0000 - 0x00007ffa58626000 	C:\WINDOWS\SYSTEM32\WINHTTP.dll
0x00007ffa5df30000 - 0x00007ffa5df99000 	C:\WINDOWS\system32\mswsock.dll
0x00007ffa38f10000 - 0x00007ffa38f26000 	C:\Users\Kiet\.vscode\extensions\redhat.java-1.37.0-win32-x64\jre\17.0.13-win32-x86_64\bin\nio.dll
0x00007ffa454d0000 - 0x00007ffa454e0000 	c:\Users\Kiet\.vscode\extensions\redhat.java-1.37.0-win32-x64\jre\17.0.13-win32-x86_64\bin\verify.dll
0x00007ffa30f50000 - 0x00007ffa30f95000 	C:\Users\Kiet\AppData\Roaming\Code\User\globalStorage\redhat.java\1.37.0\config_ss_win\org.eclipse.equinox.launcher\org.eclipse.equinox.launcher.win32.win32.x86_64_1.2.1100.v20240722-2106\eclipse_11904.dll
0x00007ffa60af0000 - 0x00007ffa60c95000 	C:\WINDOWS\System32\ole32.dll
0x00007ffa5e180000 - 0x00007ffa5e19b000 	C:\WINDOWS\SYSTEM32\CRYPTSP.dll
0x00007ffa5da10000 - 0x00007ffa5da45000 	C:\WINDOWS\system32\rsaenh.dll
0x00007ffa5e020000 - 0x00007ffa5e048000 	C:\WINDOWS\SYSTEM32\USERENV.dll
0x00007ffa5e1a0000 - 0x00007ffa5e1ac000 	C:\WINDOWS\SYSTEM32\CRYPTBASE.dll
0x00007ffa5d520000 - 0x00007ffa5d54d000 	C:\WINDOWS\SYSTEM32\IPHLPAPI.DLL
0x00007ffa5fc00000 - 0x00007ffa5fc09000 	C:\WINDOWS\System32\NSI.dll
0x00007ffa58000000 - 0x00007ffa58019000 	C:\WINDOWS\SYSTEM32\dhcpcsvc6.DLL
0x00007ffa57e90000 - 0x00007ffa57eaf000 	C:\WINDOWS\SYSTEM32\dhcpcsvc.DLL
0x00007ffa5d590000 - 0x00007ffa5d692000 	C:\WINDOWS\SYSTEM32\DNSAPI.dll
0x00007ffa23e20000 - 0x00007ffa23e69000 	C:\Users\Kiet\AppData\Local\Temp\jna-2338477\jna17706207482648421724.dll
0x00007ffa60e80000 - 0x00007ffa60e88000 	C:\WINDOWS\System32\PSAPI.DLL

dbghelp: loaded successfully - version: 4.0.5 - missing functions: none
symbol engine: initialized successfully - sym options: 0x614 - pdb path: .;c:\Users\Kiet\.vscode\extensions\redhat.java-1.37.0-win32-x64\jre\17.0.13-win32-x86_64\bin;C:\WINDOWS\SYSTEM32;C:\WINDOWS\WinSxS\amd64_microsoft.windows.common-controls_6595b64144ccf1df_6.0.22621.4391_none_2715d37f73803e96;c:\Users\Kiet\.vscode\extensions\redhat.java-1.37.0-win32-x64\jre\17.0.13-win32-x86_64\bin\server;C:\Users\Kiet\AppData\Roaming\Code\User\globalStorage\redhat.java\1.37.0\config_ss_win\org.eclipse.equinox.launcher\org.eclipse.equinox.launcher.win32.win32.x86_64_1.2.1100.v20240722-2106;C:\Users\Kiet\AppData\Local\Temp\jna-2338477

VM Arguments:
jvm_args: --add-modules=ALL-SYSTEM --add-opens=java.base/java.util=ALL-UNNAMED --add-opens=java.base/java.lang=ALL-UNNAMED --add-opens=java.base/sun.nio.fs=ALL-UNNAMED -Declipse.application=org.eclipse.jdt.ls.core.id1 -Dosgi.bundles.defaultStartLevel=4 -Declipse.product=org.eclipse.jdt.ls.core.product -Djava.import.generatesMetadataFilesAtProjectRoot=false -DDetectVMInstallationsJob.disabled=true -Dfile.encoding=utf8 -XX:+UseParallelGC -XX:GCTimeRatio=4 -XX:AdaptiveSizePolicyWeight=90 -Dsun.zip.disableMemoryMapping=true -Xmx1G -Xms100m -Xlog:disable -javaagent:c:\Users\Kiet\.vscode\extensions\redhat.java-1.37.0-win32-x64\lombok\lombok-1.18.34.jar 
java_command: c:\Users\Kiet\.vscode\extensions\redhat.java-1.37.0-win32-x64\server\plugins\org.eclipse.equinox.launcher_1.6.900.v20240613-2009.jar -configuration c:\Users\Kiet\AppData\Roaming\Code\User\globalStorage\redhat.java\1.37.0\config_ss_win -data c:\Users\Kiet\AppData\Roaming\Code\User\workspaceStorage\65c6d8790072a664d03a5f2e9a254897\redhat.java\ss_ws --pipe=\\.\pipe\lsp-5e57227e60fe5b68d0923caa92e534b4-sock
java_class_path (initial): c:\Users\Kiet\.vscode\extensions\redhat.java-1.37.0-win32-x64\server\plugins\org.eclipse.equinox.launcher_1.6.900.v20240613-2009.jar
Launcher Type: SUN_STANDARD

[Global flags]
    uintx AdaptiveSizePolicyWeight                 = 90                                        {product} {command line}
     intx CICompilerCount                          = 4                                         {product} {ergonomic}
    uintx GCTimeRatio                              = 4                                         {product} {command line}
   size_t InitialHeapSize                          = 104857600                                 {product} {command line}
   size_t MaxHeapSize                              = 1073741824                                {product} {command line}
   size_t MaxNewSize                               = 357564416                                 {product} {ergonomic}
   size_t MinHeapDeltaBytes                        = 524288                                    {product} {ergonomic}
   size_t MinHeapSize                              = 104857600                                 {product} {command line}
   size_t NewSize                                  = 34603008                                  {product} {ergonomic}
    uintx NonNMethodCodeHeapSize                   = 5839372                                {pd product} {ergonomic}
    uintx NonProfiledCodeHeapSize                  = 122909434                              {pd product} {ergonomic}
   size_t OldSize                                  = 70254592                                  {product} {ergonomic}
    uintx ProfiledCodeHeapSize                     = 122909434                              {pd product} {ergonomic}
    uintx ReservedCodeCacheSize                    = 251658240                              {pd product} {ergonomic}
     bool SegmentedCodeCache                       = true                                      {product} {ergonomic}
   size_t SoftMaxHeapSize                          = 1073741824                             {manageable} {ergonomic}
     bool UseCompressedClassPointers               = true                           {product lp64_product} {ergonomic}
     bool UseCompressedOops                        = true                           {product lp64_product} {ergonomic}
     bool UseLargePagesIndividualAllocation        = false                                  {pd product} {ergonomic}
     bool UseParallelGC                            = true                                      {product} {command line}

Logging:
Log output configuration:
 #0: stdout all=off uptime,level,tags
 #1: stderr all=off uptime,level,tags

Environment Variables:
JAVA_HOME=C:\Program Files\Java\jdk-23
PATH=C:\Program Files\Common Files\Oracle\Java\javapath;C:\Program Files (x86)\Common Files\Oracle\Java\java8path;C:\Program Files (x86)\Common Files\Oracle\Java\javapath;C:\WINDOWS\system32;C:\WINDOWS;C:\WINDOWS\System32\Wbem;C:\WINDOWS\System32\WindowsPowerShell\v1.0\;C:\WINDOWS\System32\OpenSSH\;C:\Program Files\dotnet\;C:\Program Files (x86)\Microsoft SQL Server\160\Tools\Binn\;C:\Program Files\Microsoft SQL Server\160\Tools\Binn\;C:\Program Files\Microsoft SQL Server\Client SDK\ODBC\170\Tools\Binn\;C:\Program Files\Microsoft SQL Server\160\DTS\Binn\;C:\Program Files (x86)\Microsoft SQL Server\160\DTS\Binn\;C:\Program Files\Azure Data Studio\bin;C:\Program Files\apache-maven-3.9.6\bin;C:\Program Files\Git\cmd;C:\Program Files\Java\jdk-23\bin;C:\Users\Kiet\AppData\Local\Programs\Python\Python38;C:\Users\Kiet\AppData\Local\Programs\Python\Python38\Scripts;C:\Program Files\CMake\bin;C:\Program Files\PostgreSQL\17\bin;C:\Users\Kiet\anaconda3\Scripts;C:\Program Files\nodejs\;C:\Users\Kiet\AppData\Local\Microsoft\WindowsApps;C:\Users\Kiet\AppData\Local\Programs\Microsoft VS Code\bin;C:\Users\Kiet\.dotnet\tools;C:\Program Files\Azure Data Studio\bin;C:\Users\Kiet\AppData\Roaming\npm
USERNAME=Kiet
OS=Windows_NT
PROCESSOR_IDENTIFIER=Intel64 Family 6 Model 126 Stepping 5, GenuineIntel
TMP=C:\Users\Kiet\AppData\Local\Temp
TEMP=C:\Users\Kiet\AppData\Local\Temp



Periodic native trim disabled


---------------  S Y S T E M  ---------------

OS:
 Windows 11 , 64 bit Build 22621 (10.0.22621.4391)
OS uptime: 3 days 17:17 hours

CPU: total 8 (initial active 8) (4 cores per cpu, 2 threads per core) family 6 model 126 stepping 5 microcode 0xa6, cx8, cmov, fxsr, ht, mmx, 3dnowpref, sse, sse2, sse3, ssse3, sse4.1, sse4.2, popcnt, lzcnt, tsc, tscinvbit, avx, avx2, aes, erms, clmul, bmi1, bmi2, adx, avx512f, avx512dq, avx512cd, avx512bw, avx512vl, sha, fma, vzeroupper, avx512_vpopcntdq, avx512_vpclmulqdq, avx512_vaes, avx512_vnni, clflush, clflushopt, avx512_vbmi2, avx512_vbmi
Processor Information for all 8 processors :
  Max Mhz: 1190, Current Mhz: 991, Mhz Limit: 987

Memory: 4k page, system-wide physical 7987M (432M free)
TotalPageFile size 10035M (AvailPageFile size 3M)
current process WorkingSet (physical memory assigned to process): 141M, peak: 141M
current process commit charge ("private bytes"): 247M, peak: 247M

vm_info: OpenJDK 64-Bit Server VM (17.0.13+11) for windows-amd64 JRE (17.0.13+11), built on Oct 16 2024 00:10:08 by "admin" with MS VC++ 17.7 (VS2022)

END.
